,url,title,dataset,used,original-tag,sub-category-tag,sub-category,category
0,https://github.com/openthread/openthread/issues/129,"test: ""fuzzing"" OpenThread to provide robustness and negative stress testing",projects,7.0,FP,None,None,None
1,https://github.com/OpenSC/OpenSC/issues/2262,IASECC: error/regression ACL since oss-fuzz fix,projects,7.0,FP,None,None,None
2,https://github.com/facebook/rocksdb/issues/9379,Build RocksDB fuzz testing,projects,2.0,Developer struggling to set up fuzzer and get build to pass,F16,"Developers have difficulties in setting up, building or using fuzzer.",Usability
3,https://github.com/cosmos/cosmos-sdk/issues/8553,all: setup steps for inclusion into oss-fuzz for scalable and continuous fuzzing,projects,3.0,Fuzzing on local machine uses too much resources (developer look at alternative options such as deploying to oss-fuzz),F4,"Fuzzing process takes too much time or resouces (e.g., memory, CPU, disk spaces).",Performance
4,https://github.com/libvips/libvips/issues/2545,Add jxlsave fuzzer,projects,5.0,FP,None,None,None
5,https://github.com/FasterXML/jackson-core/issues/685,OSS-Fuzz integration,projects,3.0,FP,None,None,None
6,https://github.com/ethereum/solidity/issues/7147,[Abiv2encoder fuzzing] Test decode(encode(T)),projects,6.0,FP,None,None,None
7,https://github.com/llvm/llvm-project/issues/43634,Investigate `nan` returning random distributions in fuzzing tests.,projects,2.0,FP,None,None,None
8,https://github.com/dart-lang/sdk/issues/38505,Analyzer fuzz crash: invoking extension override with no call method,projects,8.0,FP,None,None,None
9,https://github.com/llvm/llvm-project/issues/42444,clang-10 segmentation fault with afl-llvm-pass,projects,1.0,Fuzzer shows passing but crash happens (False Negative Detection),F8,Bugs in fuzzer lead to build failures or abnormal/inconsistent fuzzing behaviors. ,Reliability
10,https://github.com/cosmos/cosmos-sdk/issues/2225,"Randomized fuzzer: expected to find slashing period, but none was found ",projects,8.0,FP,None,None,None
11,https://github.com/simdjson/simdjson/issues/43,Add fuzz testing,projects,8.0,FP,None,None,None
12,https://github.com/SerenityOS/serenity/issues/4220,LibMarkdown: OOM when loading fuzzed MD file,projects,1.0,FP,None,None,None
13,https://github.com/PJK/libcbor/issues/141,oss-fuzz driver broken for dataflow,projects,4.0,Linking c++ stdlib not working on oss-fuzz build (project is working fine),O2,Compatibility of environment or dependencies between project and OSS-Fuzz lead to project crash/build failures.,Compatibility
14,https://github.com/tendermint/tendermint/issues/5907,test: move fuzzy tests back into this repo,projects,7.0,FP,None,None,None
15,https://github.com/alembic/alembic/issues/346,1.8.1 Ogawa_FuzzTest always fails on 32bit,projects,2.0,Wrong/Unexpected behavior on 32-bit PC,F8,Bugs in fuzzer lead to build failures or abnormal/inconsistent fuzzing behaviors. ,Reliability
16,https://github.com/OSGeo/gdal/issues/1849,fgb_fuzzer: ASSERT: size_ < FLATBUFFERS_MAX_BUFFER_SIZE,projects,3.0,FP,None,None,None
17,https://github.com/ethereum/solidity/issues/7803,[yul] fuzzer: Do not generate infinite for loops,projects,5.0,Remove infinite loop as a fuzzing test case,F6,Bad fuzzing targets lead to fuzzing failure or inconsistent results.,Reliability
18,https://github.com/ClickHouse/ClickHouse/issues/13596,Crash founded by fuzz query test,projects,4.0,FP,None,None,None
19,https://github.com/radareorg/radare2/issues/12845,Add JSON support for aflm,projects,7.0,FP,None,None,None
20,https://github.com/radareorg/radare2/issues/4808,[fuzzed] fatmach - r2r,projects,2.0,FP,None,None,None
21,https://github.com/assimp/assimp/issues/3439,Issue 25058 in oss-fuzz: assimp:assimp_fuzzer: Stack-overflow in Assimp::FBX::Scope::Scope,projects,1.0,FP,None,None,None
22,https://github.com/ethereum/solidity/issues/6577,ossfuzz: Remove comment lines from fuzzing corpus to improve efficiency,projects,7.0,FP,None,None,None
23,https://github.com/golang/go/issues/46467,"pthread_create crash: gofuzz, cgo, asan, go 1.16",projects,3.0,FP,None,None,None
24,https://github.com/dart-lang/sdk/issues/31615,Confusing analyzer hint around accidental fuzzy-arrow case,projects,8.0,FP,None,None,None
25,https://github.com/envoyproxy/envoy/issues/4676,//test/integration:h1_capture_direct_response_fuzz_test is flaky in tsan,projects,5.0,FP,None,None,None
26,https://github.com/tafia/quick-xml/issues/103,Another fuzzing issue,projects,8.0,Developer has difficulties reproducing the issue,F14,Developers are struggling to reproduce build failures or bugs detected by fuzzing.,Reproducibility
27,https://github.com/golang/go/issues/52292,"testing,internal/fuzz: Running a fuzz executable does not save the corpus?",projects,4.0,Developer has difficulties saving the corpus generated by the fuzzer,F13,Developers are not able to save or re-use corpus.,Reproducibility
28,https://github.com/bytecodealliance/wasmtime/issues/2163,Investigate slow fuzz module generation with binaryen,projects,8.0,FP,None,None,None
29,https://github.com/bitcoin/bitcoin/issues/19678,UBSan warning when fuzzing with -fsanitize=integer,projects,3.0,FP,None,None,None
30,https://github.com/google/libprotobuf-mutator/issues/78,Switch to -fsanitize=fuzzer,projects,2.0,FP,None,None,None
31,https://github.com/ethereum/solidity/issues/7276,[yul] proto fuzzer: Make function definition a statement,projects,8.0,FP,None,None,None
32,https://github.com/xiph/flac/issues/164,Add Oss-Fuzz targets to CMake build,projects,2.0,FP,None,None,None
33,https://github.com/obgm/libcoap/issues/231,oss-fuzz: Fix broken build,projects,8.0,FP,None,None,None
34,https://github.com/llvm/llvm-project/issues/46301,double free when compiling JSC with afl-clang-lto(clang 12),projects,8.0,FP,None,None,None
35,https://github.com/ClickHouse/ClickHouse/issues/13992,Syntax check fails for function CAST() (found by fuzzer),projects,8.0,FP,None,None,None
36,https://github.com/gohugoio/hugo/issues/1771,"[armel] ""go test"" fails at TestTplGoFuzzReports",projects,3.0,FP,None,None,None
37,https://github.com/google/syzkaller/issues/1670,Fuzzer/executor mismatch,projects,2.0,FP,None,None,None
38,https://github.com/golang/go/issues/46993,[dev.fuzz] testing: errors in (*testing.F).Cleanup functions do not always report the failure,projects,8.0,FP,None,None,None
39,https://github.com/ethereum/solidity/issues/7257,[ossfuzz] build CI should link against libc++ instead of libstdc++,projects,8.0,FP,None,None,None
40,https://github.com/radareorg/radare2/issues/15574,clang libfuzzer targets for unit tests,projects,8.0,FP,None,None,None
41,https://github.com/dart-lang/sdk/issues/38054,"Analyzer fuzz crash: ""a default source must be provided"" in erroneous default value",projects,6.0,FP,None,None,None
42,https://github.com/llvm/llvm-project/issues/36454,DataFlowSanitizer cause clang crash when snprintf use char-array as argument,projects,2.0,FP,None,None,None
43,https://github.com/ethereum/solidity/issues/6227,yulInterpreter: Configuration for fuzzing,projects,5.0,Parameter customization is required to prevent out-of-memory,F16,"Developers have difficulties in setting up, building or using fuzzer.",Usability
44,https://github.com/dart-lang/sdk/issues/38551,Analyzer fuzz crash: extension member in annotation context,projects,7.0,FP,None,None,None
45,https://github.com/protobuf-c/protobuf-c/issues/16,Decoding bugs detected via fuzzing,projects,4.0,FP,None,None,None
46,https://github.com/llvm/llvm-project/issues/22242,"[fuzz] Assertion `I != Vec.end() && ""list does not contain decl""' failed.",projects,5.0,FP,None,None,None
47,https://github.com/cosmos/cosmos-sdk/issues/4383,Random Fuzzer panic: calculated final stake greater than current stake (on f0b690ba6e2),projects,8.0,FP,None,None,None
48,https://github.com/golang/snappy/issues/25,Fuzz new decoder implementation?,projects,7.0,FP,None,None,None
49,https://github.com/llvm/llvm-project/issues/22244,"[fuzz] Assertion `isa<LabelDecl>(D) && ""declaration not instantiated in this scope""' failed.",projects,1.0,FP,None,None,None
50,https://github.com/servo/servo/issues/16656,Fuzzy reftests,projects,3.0,FP,None,None,None
51,https://github.com/celestiaorg/smt/issues/31,Add more fuzzing-like tests,projects,7.0,FP,None,None,None
52,https://github.com/cosmos/cosmos-sdk/issues/6852,[fuzz] codec: ProtoCodec.MarshalJSON can serialize structs with fields that won't then be UnmarshalJSON'd due to invalid strings,projects,7.0,FP,None,None,None
53,https://github.com/dart-lang/sdk/issues/38072,Analyzer fuzz crash: wrong number of type arguments supplied,projects,4.0,FP,None,None,None
54,https://github.com/harfbuzz/harfbuzz/issues/2191,[subset] feature closure takes long time with a fuzzed font,projects,6.0,font library takes too much time to fuzz entirely (too many languages supported) ,F4,"Fuzzing process takes too much time or resouces (e.g., memory, CPU, disk spaces).",Performance
55,https://github.com/cesanta/mongoose/issues/1064,Integrating with OSS-Fuzz,projects,5.0,FP,None,None,None
56,https://github.com/dart-lang/sdk/issues/38060,Analyzer fuzz crash: DynamicElementImpl is not a subtype of FunctiontypedElement,projects,8.0,FP,None,None,None
57,https://github.com/llvm/llvm-project/issues/33217,"Fatal error when compiling with dataflow sanitizer (DFSan) - ""fatal error: error in backend: Broken function found, compilation aborted!""",projects,8.0,FP,None,None,None
58,https://github.com/ClickHouse/ClickHouse/issues/22585,(fuzz) Primary key can become nullable and NULL mask is not normalized to 0 or 1.,projects,4.0,FP,None,None,None
59,https://github.com/LibreDWG/libredwg/issues/176,Several bugs found by fuzzing,projects,5.0,FP,None,None,None
60,https://github.com/radareorg/radare2/issues/3860,[lulzfuzz] ddw,projects,8.0,FP,None,None,None
61,https://github.com/ClickHouse/ClickHouse/issues/24787,AST Fuzzer: inconsistent number formatting - 2147483648 vs -2147483648,projects,2.0,FP,None,None,None
62,https://github.com/osquery/osquery/issues/2862,make fuzz: Reproducible SIGSEGV in plist parsing,projects,6.0,FP,None,None,None
63,https://github.com/danielaparker/jsoncons/issues/235,OSS-Fuzz failed throw issue in CBOR parser (22000),projects,7.0,FP,None,None,None
64,https://github.com/llvm/llvm-project/issues/22203,[fuzz] Assertion `VDecl->isLinkageValid()' failed.,projects,5.0,FP,None,None,None
65,https://github.com/golang/go/issues/48327,[dev.fuzz] minimization discards crasher in favour of a non-crasher,projects,7.0,Minimized corpus throw away crashing inputs and keeps non-crashing,F11,Issues in corpus lead to build failures or unreliable results.,Reliability
66,https://github.com/golang/go/issues/14565,cmd/compile: coverage instrumentation for fuzzing,projects,4.0,FP,None,None,None
67,https://github.com/llvm/llvm-project/issues/22194,"[fuzz] Assertion `Index < Length && ""Invalid index!""' failed.",projects,3.0,FP,None,None,None
68,https://github.com/sigstore/sigstore/issues/183,Include DSSE into oss-fuzz runs,projects,4.0,FP,None,None,None
69,https://github.com/golang/go/issues/33728,encoding/json: slice out of bounds decoder crash found via fuzzing,projects,4.0,FP,None,None,None
70,https://github.com/dart-lang/sdk/issues/38055,Analyzer fuzz crash: Invalid const evaluation of malformed binary operators,projects,7.0,FP,None,None,None
71,https://github.com/mruby/mruby/issues/4178,oss-fuzz integration,projects,7.0,FP,None,None,None
72,https://github.com/CESNET/libyang/issues/267,max-elements in leaflist and list not work when input data is  in JSON format,projects,7.0,FP,None,None,None
73,https://github.com/dart-lang/sdk/issues/38382,Analyzer fuzz crash: variable declaration in literal annotation on for loop variable,projects,1.0,FP,None,None,None
74,https://github.com/llvm/llvm-project/issues/51213,ForwardDataFlowAnalysis fails to propagate lattice updates across branches,projects,6.0,FP,None,None,None
75,https://github.com/Blosc/c-blosc2/issues/93,blosc_getitem return value seems inconsistent (DeepState fuzzing),projects,8.0,FP,None,None,None
76,https://github.com/grpc/grpc/issues/24926,bloaty->libFuzzer is not accessible,projects,3.0,Dependency unavailable in China,F10,Issues in build tools or external dependencies lead to crash/build faiures.,Reliability
77,https://github.com/grpc/grpc/issues/16520,grpc fuzz tests for ip parsing APIs,projects,6.0,FP,None,None,None
78,https://github.com/sudo-project/sudo/issues/84,Integrating continuous fuzzing by way of OSS-Fuzz,projects,7.0,FP,None,None,None
79,https://github.com/llvm/llvm-project/issues/32595,-fsanitize=fuzzer fails to find libLLVMFuzzer.a,projects,1.0,Older compiler version incompatible with fuzzer args,F2,Incompability between fuzzing environment and project leads to build failures.,Compatibility
80,https://github.com/prometheus/prometheus/issues/6649,PromQL fuzzing regression introduced by PR 6643 (don't panic on syntax errors),projects,7.0,FP,None,None,None
81,https://github.com/dart-lang/sdk/issues/39024,Parser fuzz assertion failure,projects,8.0,FP,None,None,None
82,https://github.com/simdjson/simdjson/issues/702,fuzzer appears busted,projects,8.0,FP,None,None,None
83,https://github.com/radareorg/radare2/issues/8500,[rafuzz2] pd0~{}Â crashes r2 on Linux,projects,6.0,FP,None,None,None
84,https://github.com/radareorg/radare2/issues/4248,afl output must be sorted by offset,projects,7.0,FP,None,None,None
85,https://github.com/golang/go/issues/48804,internal/fuzz: internal panics are reported as unexpected crashes and written to testdata,projects,4.0,FP,None,None,None
86,https://github.com/grpc/grpc/issues/8088,Fuzzing detected memory leak in HTTP GET implementation,projects,6.0,FP,None,None,None
87,https://github.com/dart-lang/sdk/issues/39025,Analyzer fuzz crash: autocomplete in for loop with class name as variable,projects,8.0,FP,None,None,None
88,https://github.com/dart-lang/sdk/issues/47233,"dart-fuzz: runtime/vm/raw_object.cc: 355: error: Invalid cid: 0, obj: 0x7fb1f6883d28, tags: 0. Corrupt heap?",projects,5.0,FP,None,None,None
89,https://github.com/rnpgp/rnp/issues/1276,Fix oss-fuzz broken build due to linking error.,projects,2.0,FP,None,None,None
90,https://github.com/golang/go/issues/32754,x/tools/gopls: support server-side fuzzy matching,projects,8.0,FP,None,None,None
91,https://github.com/google/libprotobuf-mutator/issues/119,Is the use of reflection APIs in the fuzzing harness okay?,projects,7.0,"Dev cannot do ""stateful fuzzing"" (i.e fuzzer behave differently based on context/state)",F15,Developers have difficulties in generating the correct inputs or targeting specific parts of software.,Usability
92,https://github.com/ethereum/solidity/issues/6201,Fuzzing Low-level Lisp-like Language parser/compiler,projects,2.0,Deciding what to fuzz: Should legacy part of the codebase be fuzzed?,F22,Developers have difficulties in deciding which part of the software to fuzz,Other
93,https://github.com/image-rs/image-png/issues/273,fuzzit badge not working,projects,2.0,FP,None,None,None
94,https://github.com/ClickHouse/ClickHouse/issues/20119,Lossy/Fuzzy codec compression algorithm?,projects,3.0,FP,None,None,None
95,https://github.com/CESNET/libyang/issues/89,leaflist node max-elements limits not work in some conditions,projects,8.0,FP,None,None,None
96,https://github.com/ethereum/solidity/issues/7180,[Abiv2 proto fuzzer] Use variable length literals to initialize arguments of `bytes`/s,projects,6.0,Current parameter initialization method of fuzzer limits ability to fuzz some parts of the software,F3,The fuzzer misses desired functionalities/features.,Functionality
97,https://github.com/bitcoin/bitcoin/issues/17729,Fuzzing Bug undefined-behavior pubkey.cpp:210:38,projects,6.0,FP,None,None,None
98,https://github.com/llvm/llvm-project/issues/29562,signed integer in libfuzzer,projects,2.0,FP,None,None,None
99,https://github.com/assimp/assimp/issues/3436,Issue 24472 in oss-fuzz: assimp:assimp_fuzzer: Container-overflow in std::__1::enable_if<,projects,5.0,FP,None,None,None
100,https://github.com/xiph/flac/issues/75,Let metaflac output to a different file,projects,4.0,FP,None,None,None
101,https://github.com/randombit/botan/issues/1430,Build Error with cc afl-clang-fast,projects,7.0,Dev cannot compile AFL with older compiler version,F2,Incompability between fuzzing environment and project leads to build failures.,Compatibility
102,https://github.com/golang/go/issues/48717,testing: document file format for fuzz corpus files,projects,4.0,Documentation does not specify the format required for the corpus,F17,Documentation on how to use the fuzzer is missing/insufficient.,Usability
103,https://github.com/htacg/tidy-html5/issues/459,Uncontrolled resource consumption issue with fuzzed sample,projects,5.0,FP,None,None,None
104,https://github.com/tarantool/tarantool/issues/1809,Automated QA with libfuzzer and ASAN from clang,projects,7.0,FP,None,None,None
105,https://github.com/llvm/llvm-project/issues/32438,null pointer dereference in libfuzzer?,projects,4.0,Fuzzer does not work because old libFuzzer and new compiler are used,F2,Incompability between fuzzing environment and project leads to build failures.,Compatibility
106,https://github.com/nlohmann/json/issues/412,Heap-buffer-overflow (OSS-Fuzz issue 367),projects,1.0,FP,None,None,None
107,https://github.com/Mbed-TLS/mbedtls/issues/4343,Question about fuzzing a binary using mbedtls,projects,3.0,FP,None,None,None
108,https://github.com/google/syzkaller/issues/2577,Syzkaller fuzzer executed useless syscalls with invalid parameters,projects,1.0,FP,None,None,None
109,https://github.com/dart-lang/sdk/issues/38117,Analyzer fuzz assertion failure: startingVariableCount == variableNames.length is not true,projects,2.0,FP,None,None,None
110,https://github.com/golang/go/issues/46633,"[dev.fuzz] cmd/go: hangs in ""gathering baseline coverage""",projects,2.0,FP,None,None,None
111,https://github.com/protobuf-c/protobuf-c/issues/393,OSS-Fuzz integration,projects,8.0,FP,None,None,None
112,https://github.com/ipython/ipython/issues/12673,Using jedi fuzzy completions,projects,4.0,FP,None,None,None
113,https://github.com/bitcoin/bitcoin/issues/18046,Some fuzzing crashes when running under ASan and/or UBSan,projects,5.0,FP,None,None,None
114,https://github.com/radareorg/radare2/issues/11394,One more googlefuzz,projects,1.0,FP,None,None,None
115,https://github.com/envoyproxy/envoy/issues/14889,UDP proxy fuzzing,projects,8.0,FP,None,None,None
116,https://github.com/golang/go/issues/48127,"cmd/go: -keepfuzzing needs renaming, does not exist",projects,2.0,FP,None,None,None
117,https://github.com/ARM-software/astc-encoder/issues/50,Integrating with OSS-Fuzz,projects,8.0,FP,None,None,None
118,https://github.com/ClickHouse/ClickHouse/issues/21959,Fuzzer: The query formatting is broken: tupleElement,projects,8.0,FP,None,None,None
119,https://github.com/randombit/botan/issues/2132,libFuzzer latest version not compatible wth Botan configure,projects,5.0,Fuzzer and compiler are not compatible after update,F2,Incompability between fuzzing environment and project leads to build failures.,Compatibility
120,https://github.com/llvm/llvm-project/issues/22239,"[fuzz] Assertion `TemplateTypeParm->getDepth() == 0 && ""Can't deduce with depth > 0""' failed.",projects,1.0,FP,None,None,None
121,https://github.com/llvm/llvm-project/issues/42492,LLD crashes on Rust generated code with ASan/libfuzzer,projects,3.0,Using different linker crashes when trying to link with libfuzzer,F16,"Developers have difficulties in setting up, building or using fuzzer.",Usability
122,https://github.com/llvm/llvm-project/issues/47634,ExampleClangLoopProtoFuzzer.cpp.o fails to compile,projects,3.0,Developer cannot get fuzz target to build,F6,Bad fuzzing targets lead to fuzzing failure or inconsistent results.,Reliability
123,https://github.com/dart-lang/sdk/issues/38045,analyzer fuzz crash: function interpolation in import string,projects,2.0,FP,None,None,None
124,https://github.com/dart-lang/sdk/issues/39028,Analyzer fuzz crash: members called on null in mixin autocomplete,projects,2.0,FP,None,None,None
125,https://github.com/cosmos/cosmos-sdk/issues/4362,Random Fuzzer panic: invalid argument to Intn,projects,4.0,FP,None,None,None
126,https://github.com/radareorg/radare2/issues/4598,Show number of call references in `afl`,projects,6.0,FP,None,None,None
127,https://github.com/dart-lang/sdk/issues/38992,Analyzer fuzz crash: annotated type argument in function type,projects,1.0,FP,None,None,None
128,https://github.com/harfbuzz/harfbuzz/issues/2186,[subset] GSUB closure taking too long with a fuzzed font,projects,8.0,Inefficient fuzzing leads to wasted resources (unnecessary looping),F4,"Fuzzing process takes too much time or resouces (e.g., memory, CPU, disk spaces).",Performance
129,https://github.com/golang/go/issues/52285,internal/fuzz: test_fuzz_minimize_interesting failures with non-minimal lengths,projects,4.0,FP,None,None,None
130,https://github.com/sigstore/sigstore/issues/205,Migrate to go native fuzzing in 1.18,projects,7.0,FP,None,None,None
131,https://github.com/ClickHouse/ClickHouse/issues/32443,ASTFuzzer checkouts wrong code,projects,6.0,ASTFuzzer checkouts wrong commit,F16,"Developers have difficulties in setting up, building or using fuzzer.",Usability
132,https://github.com/uclouvain/openjpeg/issues/1079,The fuzzer ignores too many inputs,projects,3.0,fuzzer can't handle big inputs,F5,The fuzzer has scalability issues when facing large inputs/fuzzing targets/corpora.,Performance
133,https://github.com/uclouvain/openjpeg/issues/1079,The fuzzer ignores too many inputs,projects,3.0,Fuzzer's security check throws away some inputs which would expose probably exploitable memory errors,F16,"Developers have difficulties in setting up, building or using fuzzer.",Usability
134,https://github.com/sass/libsass/issues/2490,Add project to google/oss-fuzz,projects,6.0,FP,None,None,None
135,https://github.com/monero-project/monero/issues/5025,Fuzz Tests fail to compile 2,projects,8.0,FP,None,None,None
136,https://github.com/tailscale/tailscale/issues/3066,Notifications icons fuzzy on Windows,projects,8.0,FP,None,None,None
137,https://github.com/bitcoin/bitcoin/issues/22064,Fuzzer enhancement: Explicitly check output for uninitialized memory,projects,2.0,FP,None,None,None
138,https://github.com/dart-lang/sdk/issues/38047,analyzer fuzz crash: metadata called on null in function typed list literal,projects,5.0,FP,None,None,None
139,https://github.com/kubernetes/kubernetes/issues/7337,Fuzzer should be aware of API defaults,projects,2.0,Fuzzer bug: the test passes but only because the fuzzer is not processing correctly (not applying required functions for specific fuzz targets) see: https://github.com/kubernetes/kubernetes/issues/6210,F8,Bugs in fuzzer lead to build failures or abnormal/inconsistent fuzzing behaviors. ,Reliability
140,https://github.com/radareorg/radare2/issues/11307,another clusterfuzz,projects,8.0,FP,None,None,None
141,https://github.com/bitcoin/bitcoin/issues/17986,fuzz script execution with dummy signature checker,projects,8.0,FP,None,None,None
142,https://github.com/bytecodealliance/wasmtime/issues/2498,fuzzing: Use `wasm-encoder` rather than generating WAT text and then assembling it in dummy imports,projects,2.0,FP,None,None,None
143,https://github.com/dgraph-io/dgraph/issues/1566,Run go-fuzz for gql and query package,projects,6.0,FP,None,None,None
144,https://github.com/Tencent/rapidjson/issues/1501,OSS-Fuzz integration,projects,3.0,FP,None,None,None
145,https://github.com/google/syzkaller/issues/57,VMs should merge console/fuzzer output on line granularity,projects,8.0,Poor compatibility between VM output and fuzzer output (console/fuzzer output are getting mixed up or corrupted),F19,Overloading outputs lead to difficulties to focus on specific issues.,Usability
146,https://github.com/ClickHouse/ClickHouse/issues/25276,WINDOW functions: nullptr dereference found by fuzzer (TSan),projects,1.0,FP,None,None,None
147,https://github.com/radareorg/radare2/issues/10572,aflqj as ints,projects,3.0,FP,None,None,None
148,https://github.com/GrokImageCompression/grok/issues/88,testing: apply to OSS-Fuzz for fuzz testing,projects,7.0,FP,None,None,None
149,https://github.com/radareorg/radare2/issues/1457,[AFL] rabin2 : Elf64_r_bin_elf_get_rpath,projects,8.0,FP,None,None,None
150,https://github.com/uclouvain/openjpeg/issues/427,Bulk fuzz-testing report,projects,6.0,Oss-fuzz: Developer does not have access to publish the bug reports,O9,Developers do not have access to project status/fuzzer logs/bug reports on OSS-Fuzz.        ,Permission
151,https://github.com/mruby/mruby/issues/4780,Mruby gives FP errors with ASAN when compiled with afl-clang-fast,projects,1.0,FP,None,None,None
152,https://github.com/spdk/spdk/issues/2286,[nvmf_fuzz]llvm_nvme_fuzz help doesn't show -D option usage,projects,8.0,FP,None,None,None
153,https://github.com/bitcoin/bitcoin/issues/21831,build: Link all fuzz targets in parallel,projects,6.0,FP,None,None,None
154,https://github.com/google/syzkaller/issues/1541,syz-fuzzer: fold fuzzer into manager process on host?,projects,6.0,FP,None,None,None
155,https://github.com/assimp/assimp/issues/3442,Issue 25240 in oss-fuzz: assimp:assimp_fuzzer: Crash in Assimp::ObjFileMtlImporter::getFloatValue,projects,4.0,FP,None,None,None
156,https://github.com/google/json5format/issues/23,Address stack overflow error revealed by oss-fuzz if there are too many unclosed braces,projects,5.0,FP,None,None,None
157,https://github.com/ImageMagick/ImageMagick/issues/1513,build libfuzzer error,projects,1.0,Fuzzer Usage: Difficulty using the fuzzer,F16,"Developers have difficulties in setting up, building or using fuzzer.",Usability
158,https://github.com/dart-lang/sdk/issues/46435,lib/mirrors/invocation_fuzz_test/smi fails on dartk-(strong|weak-asserts)-mac-debug-arm64,projects,1.0,FP,None,None,None
159,https://github.com/CESNET/libyang/issues/1668,"When fuzzing the lys_parse_fd function, double free is found, causing a crash.",projects,7.0,FP,None,None,None
160,https://github.com/google/mtail/issues/256,Suggestion: Continuous Fuzzing,projects,2.0,Poor documentation to integrate project to the provider's service and get fuzz builds running,O3,Documentation about how to use/integrate OSS-Fuzz is missing/unclear.,Documentation
161,https://github.com/golang/go/issues/48815,testing: custom mutator support for fuzzing,projects,4.0,fuzzer cannot efficiently generate test inputs for custom types (not supported yet by golang fuzzer),F4,"Fuzzing process takes too much time or resouces (e.g., memory, CPU, disk spaces).",Performance
162,https://github.com/WizardMac/ReadStat/issues/82,Run a fuzzer on ReadStat,projects,2.0,FP,None,None,None
163,https://github.com/radareorg/radare2/issues/13590,aflm and aflmj seem broken,projects,2.0,FP,None,None,None
164,https://github.com/diem/diem/issues/1481,[Fuzzing] `libra-fuzzer` subcommand `fuzz` not built,projects,5.0,Developer cannot build and run the fuzzer,F16,"Developers have difficulties in setting up, building or using fuzzer.",Usability
165,https://github.com/sctplab/usrsctp/issues/354,Memory leak detected during fuzzing,projects,5.0,FP,None,None,None
166,https://github.com/thesofproject/sof/issues/3335,[BUG] [Fuzzing] testbench program exits with segmentation fault,projects,3.0,FP,None,None,None
167,https://github.com/ethereum/solidity/issues/8636,[Fuzzing] Write a semantic fuzzer for testing Solidity inheritance rules,projects,4.0,FP,None,None,None
168,https://github.com/golang/go/issues/51484,"testing,internal/fuzz: Fuzzer reports 0 execs/sec and keeps running",projects,5.0,Bug in fuzzer: abnormal number of executions reported,F18,Messages/information generated by fuzzers is missing/confusing/unhelpful.,Usability
169,https://github.com/ImageMagick/ImageMagick/issues/942,Fuzzers not compiling,projects,4.0,fuzzer code change breaks build (can't compile),F7,Issues with fuzzing test code lead to crashes/build failures.,Reliability
170,https://github.com/yhirose/cpp-httplib/issues/705,[oss-fuzz] issue-26453  Invalid value of Range header,projects,2.0,FP,None,None,None
171,https://github.com/dart-lang/sdk/issues/27076,HOT RELOAD: Develop fuzzer testing strategy,projects,7.0,FP,None,None,None
172,https://github.com/llvm/llvm-project/issues/47082,libfuzzer fails to print stack trace for invalid pcs,projects,6.0,Fuzzer does not print a stacktrace,F18,Messages/information generated by fuzzers is missing/confusing/unhelpful.,Usability
173,https://github.com/ethereum/solidity/issues/7437,[Yul] Try to replace DataFlowAnalyzer by SSAValueTracker,projects,3.0,FP,None,None,None
174,https://github.com/JuliaStrings/utf8proc/issues/215,OSS-Fuzz integration,projects,5.0,FP,None,None,None
175,https://github.com/libimobiledevice/libplist/issues/91,AddressSanitizer: heap-buffer-overflow /home/fuzzer/Fuzzers/libplist/src/bplist.c:586:20 in parse_bin_node,projects,4.0,FP,None,None,None
176,https://github.com/google/syzkaller/issues/464,syz-fuzzer: commit mismatch leads to crashes,projects,6.0,Developer can't detect commit mismatch before running the fuzzer,F16,"Developers have difficulties in setting up, building or using fuzzer.",Usability
177,https://github.com/bitcoin/bitcoin/issues/21369,FuzzedSock compiler warnings when building current master,projects,4.0,Compiler issue affects fuzzing build,F10,Issues in build tools or external dependencies lead to crash/build faiures.,Reliability
178,https://github.com/capstone-engine/capstone/issues/1310,fuzzallcorp is failing on release 4.0 tarball,projects,4.0,Fuzzer Usage: Developer does not know he needs the full corpus in order to run the fuzzer,F9,Incorrect use of corpus leads to fuzzing failures or low coverage.,Reliability
179,https://github.com/dart-lang/sdk/issues/21473,Flaky VM test lib/mirrors/invocation_fuzz_test,projects,3.0,Fuzzing test is Flaky,F14,Developers are struggling to reproduce build failures or bugs detected by fuzzing.,Reproducibility
180,https://github.com/nlohmann/json/issues/504,Assertion error (OSS-Fuzz 856),projects,5.0,FP,None,None,None
181,https://github.com/dart-lang/sdk/issues/38042,analyzer fuzz crash: typeArguments called on null in const list for ftype arg default value,projects,4.0,FP,None,None,None
182,https://github.com/secdev/scapy/issues/3347,"After fuzzing the copied packet, the original packet is also modified",projects,3.0,Fuzzing yield different result depending if python2 or python3 is used,F1,Different fuzzing environment leads to unstable/unreliable results.,Compatibility
183,https://github.com/llvm/llvm-project/issues/22237,"[fuzz] Assertion `!SpecializedTemplate.is<SpecializedPartialSpecialization*>() && ""Already set to a class template partial specialization!""' failed.",projects,1.0,FP,None,None,None
184,https://github.com/OpenSC/OpenSC/issues/2046,New issue 22766 by ClusterFuzz-External: opensc:fuzz_pkcs15_reader: Direct-leak in cardos_init,projects,4.0,FP,None,None,None
185,https://github.com/assimp/assimp/issues/3348,Issue 24465 in oss-fuzz: assimp:assimp_fuzzer: Heap-buffer-overflow in Assimp::IOStreamBuffer<char>::getNextDataLine,projects,3.0,FP,None,None,None
186,https://github.com/lathiat/avahi/issues/267,fuzz test runtime error: left shift of 186 by 24 places cannot be represented in type 'int' in dns.c,projects,8.0,FP,None,None,None
187,https://github.com/harfbuzz/harfbuzz/issues/1253,[test/fuzzing] Streamline,projects,2.0,FP,None,None,None
188,https://github.com/tendermint/tendermint/issues/3899,Continuous Fuzzing Integration,projects,3.0,FP,None,None,None
189,https://github.com/cosmos/cosmos-sdk/issues/7921,all: fuzz status (please keep open for long term until fully covered),projects,8.0,FP,None,None,None
190,https://github.com/golang/go/issues/49047,"internal/fuzz,testing: test_fuzz_mutator_repeat failures with ""inputs are not equal"" ",projects,5.0,Flaky fuzz test (broken test),F14,Developers are struggling to reproduce build failures or bugs detected by fuzzing.,Reproducibility
191,https://github.com/sleuthkit/sleuthkit/issues/2429,Integrate OSS-Fuzz fuzz targets directly into Sleuthkit,projects,3.0,FP,None,None,None
192,https://github.com/bitcoin/bitcoin/issues/18913,ci: fuzz/process_message fails,projects,5.0,FP,None,None,None
193,https://github.com/assimp/assimp/issues/3419,Issue 24476 in oss-fuzz: assimp:assimp_fuzzer: Abrt in std::__1::_DeallocateCaller::__do_call,projects,3.0,FP,None,None,None
194,https://github.com/dart-lang/sdk/issues/39004,Analyzer fuzz crash: autocompleting malformed import URI,projects,3.0,FP,None,None,None
195,https://github.com/radareorg/radare2/issues/1458,[AFL] rabin2: sigfpe,projects,7.0,FP,None,None,None
196,https://github.com/PJK/libcbor/issues/21,Integrate more sophisticated fuzzy testing in the CI,projects,1.0,FP,None,None,None
197,https://github.com/assimp/assimp/issues/4100,Bug:Issue 24495 in oss-fuzz: assimp:assimp_fuzzer: Null-dereference READ in std::__1::char_traits<char>::length,projects,2.0,FP,None,None,None
198,https://github.com/dart-lang/sdk/issues/39493,DartFuzz ReleaseX64: Exhausted heap space,projects,4.0,FP,None,None,None
199,https://github.com/Exiv2/exiv2/issues/1901,OSS-Fuzz: integer-overflow in XMPUtils::SetTimeZone,projects,5.0,FP,None,None,None
200,https://github.com/libvips/libvips/issues/1823,reenable fuzzing of matio,projects,8.0,FP,None,None,None
201,https://github.com/ethereum/solidity/issues/7253,[CI] Standardize build options for ossfuzz build CI,projects,1.0,Oss-fuzz config makes upgrading c++ version difficult,O2,Compatibility of environment or dependencies between project and OSS-Fuzz lead to project crash/build failures.,Compatibility
202,https://github.com/golang/go/issues/47603,[dev.fuzz] cmd/go: fuzzer output buffered/missing when testing a sub package,projects,8.0,Fuzzer does not generate outputs,F18,Messages/information generated by fuzzers is missing/confusing/unhelpful.,Usability
203,https://github.com/Blosc/c-blosc2/issues/388,Fuzzer is crashing when using latest zlib-ng 2.0.6,projects,8.0,FP,None,None,None
204,https://github.com/tensorflow/tensorflow/issues/53148,Implementation of  fuzzy inference systems.,projects,4.0,FP,None,None,None
205,https://github.com/google/syzkaller/issues/290,can't find bin/syz-fuzzer,projects,2.0,FP,None,None,None
206,https://github.com/rustls/rustls/issues/807,OSS-Fuzz build failing,projects,4.0,Project compiler version update breaks oss-fuzz build,F2,Incompability between fuzzing environment and project leads to build failures.,Compatibility
207,https://github.com/dart-lang/sdk/issues/38278,analyzer fuzz crash: mixin on itself with type parameters,projects,2.0,FP,None,None,None
208,https://github.com/bytecodealliance/wasmtime/issues/1257,Should fuzzing be re-enabled in test-all.sh?,projects,3.0,Fuzzing crash because of bug in Rust language,F10,Issues in build tools or external dependencies lead to crash/build faiures.,Reliability
209,https://github.com/ImageMagick/ImageMagick/issues/1769,-fuzz' does not make an effect on '-fill' & '-opaque',projects,8.0,FP,None,None,None
210,https://github.com/golang/go/issues/48526,"cmd/go/internal/cache: in Cache.Trim, evict fuzz files",projects,4.0,FP,None,None,None
211,https://github.com/llvm/llvm-project/issues/22233,"[fuzz] Assertion `isInt() && ""Invalid accessor""' failed.",projects,3.0,FP,None,None,None
212,https://github.com/llvm/llvm-project/issues/23426,fuzz clang-format,projects,4.0,Fuzzer very slow when given small inputs,F4,"Fuzzing process takes too much time or resouces (e.g., memory, CPU, disk spaces).",Performance
213,https://github.com/dart-lang/sdk/issues/29299,add hint about code that relies on fuzzy arrows,projects,7.0,FP,None,None,None
214,https://github.com/thesofproject/sof/issues/3334,"[BUG][Fuzzing] Testbench: Program exit with SIGFPE signal, Arithmetic exception",projects,8.0,FP,None,None,None
215,https://github.com/golang/go/issues/46890,[dev.fuzz] testing: use generics with testing.F,projects,7.0,FP,None,None,None
216,https://github.com/h2o/picotls/issues/221,Improve existing fuzz targets,projects,5.0,fuzz targets are too small for oss-fuzz,O7,OSS-fuzz does not handle small fuzz targets well.,Performance
217,https://github.com/radareorg/radare2/issues/2543,[lulzfuzz] bin_info (iaa),projects,1.0,FP,None,None,None
218,https://github.com/radareorg/radare2/issues/12066,Googlefuzz PE issue,projects,6.0,FP,None,None,None
219,https://github.com/dart-lang/sdk/issues/38506,Analyzer fuzz crash: duplicate library element with one library annotation,projects,8.0,FP,None,None,None
220,https://github.com/ClickHouse/ClickHouse/issues/18525,"Fuzzer, UBSan, statistical functions, PODArray, memcpy called with zero size and nullptr.",projects,5.0,FP,None,None,None
221,https://github.com/llvm/llvm-project/issues/22201,"[fuzz] Assertion `Length < Tok.getLength() && ""NeedsCleaning flag set on token that didn't need cleaning!""' failed.",projects,7.0,FP,None,None,None
222,https://github.com/ethereum/solidity/issues/7580,[yul] proto fuzzer: Generate leave statement,projects,4.0,FP,None,None,None
223,https://github.com/python-pillow/Pillow/issues/5072,Continuous fuzzing of Pillow with OSS-Fuzz,projects,6.0,FP,None,None,None
224,https://github.com/tesseract-ocr/tesseract/issues/1351,Use OSS-Fuzz for improved code quality,projects,8.0,FP,None,None,None
225,https://github.com/openssl/openssl/issues/16428,Runchecker failure in fuzzing build related to nul string terminations,projects,8.0,FP,None,None,None
226,https://github.com/secdev/scapy/issues/3306,TypeError using send(fuzz(...)) since 2.4.5,projects,8.0,FP,None,None,None
227,https://github.com/istio/istio/issues/14183,Fault injection / fuzzy tests for the Ingress Gateway identity management through SDS,projects,4.0,FP,None,None,None
228,https://github.com/tendermint/tendermint/issues/7189,fuzz: reported crash in mempool during nightly run,projects,2.0,FP,None,None,None
229,https://github.com/google/syzkaller/issues/199,syz-fuzzer: detect unsupported sandbox type,projects,7.0,FP,None,None,None
230,https://github.com/FasterXML/jackson-dataformats-binary/issues/272,(cbor) Uncaught exception in `CBORParser._nextChunkedByte2` (by ossfuzzer),projects,6.0,FP,None,None,None
231,https://github.com/ethereum/solidity/issues/6538,[ossfuzz] proto generator generates duplicate case literals in switch statements,projects,3.0,Protobuf can generate invalid yul code resulting in bad test case ,F10,Issues in build tools or external dependencies lead to crash/build faiures.,Reliability
232,https://github.com/dart-lang/sdk/issues/38053,analyzer fuzz crash: malformed default parameter value in function type,projects,2.0,FP,None,None,None
233,https://github.com/dart-lang/sdk/issues/32074,Interim support for limited fuzzy arrows,projects,4.0,FP,None,None,None
234,https://github.com/bytecodealliance/wasmtime/issues/1205,Should Cranelift's test parser be fuzzed?,projects,2.0,Decide what part of the project should be fuzzed due to large amount of memory used and bugs detected,F22,Developers have difficulties in deciding which part of the software to fuzz,Other
235,https://github.com/bitcoin/bitcoin/issues/16741,"[Illumos] test/test_bitcoin_fuzzy fails, symbol errors",projects,7.0,FP,None,None,None
236,https://github.com/llvm/llvm-project/issues/22191,"[fuzz] Assertion `!isTokenSpecial() && ""Should consume special tokens with Consume*Token""' failed.",projects,4.0,FP,None,None,None
237,https://github.com/filecoin-project/lotus/issues/5340,Continuous fuzzing through oss-fuzz,projects,2.0,FP,None,None,None
238,https://github.com/secdev/scapy/issues/529,Fuzzing random crash,projects,4.0,Fuzzer feeds invalid values causing *bad* crashes,F12,Fuzzer unusual inputs cause crashes/issues.,Reliability
239,https://github.com/google/json5format/issues/16,Implement more fuzzers,projects,3.0,FP,None,None,None
240,https://github.com/radareorg/radare2/issues/3450,Pre-release fuzz-a-ton,projects,5.0,Fuzzer Management: Developer disable Java fuzzer (too many bugs) to focus on other more manageable fuzzer,F19,Overloading outputs lead to difficulties to focus on specific issues.,Usability
241,https://github.com/google/flatbuffers/issues/7175,Structure aware fuzzing,projects,8.0,Binaries used to fuzz and expand coverage are getting exponentially large,F5,The fuzzer has scalability issues when facing large inputs/fuzzing targets/corpora.,Performance
242,https://github.com/ethereum/solidity/issues/6870,[ossfuzz] reproducing use-after-free bug reported by ossfuzz CI on 28.05.19,projects,7.0,FP,None,None,None
243,https://github.com/radareorg/radare2/issues/7553,Fuzz testing 2017-05-20,projects,5.0,FP,None,None,None
244,https://github.com/ethereum/solidity/issues/7250,[ossfuzz] build CI needs to more closely emulate Google's CI so we notice build incompatibilities right away,projects,2.0,Make better compatibility between OSS-fuzz CI and project's CI,O2,Compatibility of environment or dependencies between project and OSS-Fuzz lead to project crash/build failures.,Compatibility
245,https://github.com/hercules-team/augeas/issues/515,Integrate augeas to oss-fuzz,projects,3.0,FP,None,None,None
246,https://github.com/dart-lang/sdk/issues/38253,kernel fuzz crash: wrapInProblem was called on null,projects,5.0,FP,None,None,None
247,https://github.com/kubernetes/kubernetes/issues/22761,Fuzzer for LabelSelector type,projects,7.0,Existing fuzzers do not have the ability to generate inputs that conform with project strict input requirements,F3,The fuzzer misses desired functionalities/features.,Functionality
248,https://github.com/kubernetes/kubernetes/issues/11431,Cross-release round-trip fuzz test,projects,6.0,FP,None,None,None
249,https://github.com/open-source-parsers/jsoncpp/issues/1182,jsoncpp_fuzzer: Fatal-signal in Json::Value::setComment,projects,6.0,FP,None,None,None
250,https://github.com/envoyproxy/envoy/issues/12102,"Coverage runs of fuzzers fail due to an exception which should be caught, but is not",projects,2.0,Fuzzer configuration makes it not catch some exception even though build fails,F16,"Developers have difficulties in setting up, building or using fuzzer.",Usability
251,https://github.com/libjxl/libjxl/issues/37,oss-fuzz reports an assert failure in libjxl,projects,2.0,FP,None,None,None
252,https://github.com/nlohmann/json/issues/1447,Integer Overflow (OSS-Fuzz 12506),projects,7.0,FP,None,None,None
253,https://github.com/bitcoin/bitcoin/issues/20334,ci: fuzz/decode_tx fails,projects,5.0,FP,None,None,None
254,https://github.com/golang/go/issues/36591,"x/tools/gopls: fuzzy matching in unimported completion interferes with ""good"" (prefix/substring) choices",projects,6.0,FP,None,None,None
255,https://github.com/assimp/assimp/issues/3437,"Issue 24976 in oss-fuzz: assimp:assimp_fuzzer: Stack-overflow in std::__1::basic_string<char, std::__1::char_traits<char>, std::__1::allocator<ch",projects,4.0,FP,None,None,None
256,https://github.com/nlohmann/json/issues/389,Integer-overflow (OSS-Fuzz issue 267),projects,4.0,FP,None,None,None
257,https://github.com/assimp/assimp/issues/4241,"Bug: Issue 41582 in oss-fuzz: assimp:assimp_fuzzer: Heap-buffer-overflow in std::__1::basic_string<char, std::__1::char_traits<char>, std::__1::allocator<ch",projects,3.0,FP,None,None,None
258,https://github.com/nodejs/node/issues/25988,flaky: test-child-process-pipe-dataflow,projects,6.0,FP,None,None,None
259,https://github.com/ipython/ipython/issues/12231,Adding fuzzy history search to IPython,projects,8.0,FP,None,None,None
260,https://github.com/lsh123/xmlsec/issues/265,[ossfuzz] Build integration,projects,3.0,Developer looking for ways to add CI for regression testing of fuzzers,F16,"Developers have difficulties in setting up, building or using fuzzer.",Usability
261,https://github.com/golang/go/issues/48787,testing: fuzz execs per second is misleading,projects,5.0,fuzzer number of exec/sec output is misleading,F18,Messages/information generated by fuzzers is missing/confusing/unhelpful.,Usability
262,https://github.com/influxdata/influxdb/issues/8066,[Query Fuzz] LIMIT / OFFSET in query hangs,projects,3.0,FP,None,None,None
263,https://github.com/istio/istio/issues/36428,Extended `istioctl x metrics`:  Exact and fuzzy queries metrics resouce,projects,3.0,FP,None,None,None
264,https://github.com/grpc/grpc/issues/18708,Could the submodule bloaty be updated for the deprecated libFuzzer?,projects,7.0,FP,None,None,None
265,https://github.com/llvm/llvm-project/issues/37382,3 libfuzzer tests hanging on aarch64 (buildbot failing),projects,1.0,libfuzzer logs not clear enough to locate/reproduce the issue,F14,Developers are struggling to reproduce build failures or bugs detected by fuzzing.,Reproducibility
266,https://github.com/golang/go/issues/48165,internal/fuzz: ensure coordinator can reconstruct input during minimization,projects,2.0,FP,None,None,None
267,https://github.com/lathiat/avahi/issues/283,avahi-daemon/introspect.dtd AFL 1.1 license,projects,3.0,FP,None,None,None
268,https://github.com/google/brotli/issues/333,"afl-fuzzing report: 22hrs on 40 CPUs, nothing found",projects,2.0,FP,None,None,None
269,https://github.com/grpc-ecosystem/grpc-gateway/issues/998,Suggestion: Continuous Fuzzing,projects,8.0,FP,None,None,None
270,https://github.com/radareorg/radare2/issues/11235,One more googlefuzz crash,projects,8.0,FP,None,None,None
271,https://github.com/radareorg/radare2/issues/13668,a* should do what afl* does,projects,8.0,FP,None,None,None
272,https://github.com/FasterXML/jackson-dataformats-binary/issues/258,ArrayIndexOutOfBoundsException for malformed Smile header (found by OSS-Fuzzer),projects,4.0,FP,None,None,None
273,https://github.com/randombit/botan/issues/1518,"Multiple test errors replicating ""Travis-Fuzzers"" build on *Ubuntu 16.04.4 LTS",projects,7.0,Compiler more strict after update (breaks tests),F2,Incompability between fuzzing environment and project leads to build failures.,Compatibility
274,https://github.com/cisco/libsrtp/issues/393,Offering my libsrtp fuzzer,projects,6.0,FP,None,None,None
275,https://github.com/nlohmann/json/issues/517,Stack-overflow (OSS-Fuzz 869),projects,8.0,FP,None,None,None
276,https://github.com/kkos/oniguruma/issues/22,Libfuzzer stub to use clang's fuzz testing functionality,projects,1.0,FP,None,None,None
277,https://github.com/dart-lang/sdk/issues/38710,Complex key hashing grows map too much in DartFuzz,projects,2.0,Fuzzer bug results in hashmap growing too big,F8,Bugs in fuzzer lead to build failures or abnormal/inconsistent fuzzing behaviors. ,Reliability
278,https://github.com/image-rs/image-png/issues/21,afl-coverage' is now 'afl',projects,5.0,FP,None,None,None
279,https://github.com/ethereum/solidity/issues/6615,[ossfuzz] Timeout values for fuzzer regression tests,projects,2.0,FP,None,None,None
280,https://github.com/dart-lang/sdk/issues/38417,"Analyzer fuzz crash: unsupported operation, cascade on extension override",projects,1.0,FP,None,None,None
281,https://github.com/bytecodealliance/wasmtime/issues/459,Disable fuzzing by default until the corpus becomes larger?,projects,2.0,Fuzzing takes too much compile time and not worth doing until corpus gets larger,F4,"Fuzzing process takes too much time or resouces (e.g., memory, CPU, disk spaces).",Performance
282,https://github.com/libvips/libvips/issues/695,have a go with oss-fuzz,projects,1.0,FP,None,None,None
283,https://github.com/llvm/llvm-project/issues/22232,"[fuzz] Assertion `!isa<IndirectFieldDecl>(D) && ""Didn't expect an IndirectFieldDecl!""' failed.",projects,6.0,FP,None,None,None
284,https://github.com/llvm/llvm-project/issues/22190,"[fuzz] Assertion `SS.isSet() && ""C++ scope was cleared ?""' failed.",projects,4.0,FP,None,None,None
285,https://github.com/dart-lang/sdk/issues/38057,analyzer fuzz crash: old style function typed formal parameter with type args,projects,2.0,FP,None,None,None
286,https://github.com/golang/go/issues/51745,"testing,internal/fuzz: Whether to support printing random corpus in the future",projects,3.0,FP,None,None,None
287,https://github.com/assimp/assimp/issues/3928,Issue 26329: assimp:assimp_fuzzer: Heap-buffer-overflow in Assimp::ObjFileImporter::createVertexArray,projects,2.0,FP,None,None,None
288,https://github.com/ethereum/solidity/issues/6587,ossfuzz nightly: Treat libFuzzer errors as failures,projects,7.0,*Bad CI/Fuzzer integration/setup causes termination to not be considered errors,F1,Different fuzzing environment leads to unstable/unreliable results.,Compatibility
289,https://github.com/ethereum/solidity/issues/6587,ossfuzz nightly: Treat libFuzzer errors as failures,projects,7.0,oss-fuzz challenge: Night build does not report some crashes as errors,O18,Oss-fuzz configurations lead to confusing / unreported / hard-to-reproduce issues.,Usability
290,https://github.com/FasterXML/jackson-dataformats-binary/issues/254,OSS-Fuzz integration,projects,1.0,FP,None,None,None
291,https://github.com/OSGeo/gdal/issues/5519,Fuzzing: add a fuzzer to fuzz filenames,projects,7.0,FP,None,None,None
292,https://github.com/llvm/llvm-project/issues/43159,segfault when oss-fuzz builds libtorrent,projects,5.0,Project compiler version update crashes oss-fuzz fuzzers,F2,Incompability between fuzzing environment and project leads to build failures.,Compatibility
293,https://github.com/FasterXML/jackson-core/issues/686,(3.0) Report / handle collision overflow of `ByteQuadsCanonicalizer` cleanly (OssFuzz),projects,3.0,FP,None,None,None
294,https://github.com/llvm/llvm-project/issues/22323,[fuzz] UNREACHABLE executed at tools/clang/lib/AST/ASTContext.cpp:1509,projects,4.0,FP,None,None,None
295,https://github.com/assimp/assimp/issues/3440,Issue 25108 in oss-fuzz: assimp:assimp_fuzzer: Crash in aiTexture::~aiTexture,projects,4.0,FP,None,None,None
296,https://github.com/randombit/botan/issues/750,OSS-Fuzz,projects,5.0,FP,None,None,None
297,https://github.com/golang/go/issues/48129,"cmd/go: fuzz crash minimizer should try deleting, rewriting input bytes",projects,2.0,FP,None,None,None
298,https://github.com/google/cel-go/issues/317,Parsing Fuzzer,projects,1.0,FP,None,None,None
299,https://github.com/openssl/openssl/issues/6896,no-comp causes fuzzing failure (master),projects,2.0,Source code change (argument source code change) break fuzz tests,F7,Issues with fuzzing test code lead to crashes/build failures.,Reliability
300,https://github.com/ethereum/solidity/issues/4072,"Enhancement large project: dataflow-style programming, Zilliqa style",projects,8.0,FP,None,None,None
301,https://github.com/kubernetes/kubernetes/issues/97793,"What is the purpose of these files [test/fuzz/json/json.go ,/test/fuzz/yaml/yaml.go]?",projects,8.0,FP,None,None,None
302,https://github.com/radareorg/radare2/issues/4621,"should afl show ""realsize"" instead of ""size""?",projects,7.0,AFL size and real function size are different (a lot of code depends on the wrong variable),F20,Bad code design limits the ability to fuzz.,Other
303,https://github.com/bitcoin/bitcoin/issues/21348,build: compile failure in fuzz-cuckoocache & DEBUG=1,projects,2.0,Fuzzing code change breaks the build,F7,Issues with fuzzing test code lead to crashes/build failures.,Reliability
304,https://github.com/ethereum/solidity/issues/7948,[Documentation] Document how to build fuzzers via docker,projects,3.0,Poor documentation on how to build the fuzzers via dockers,F17,Documentation on how to use the fuzzer is missing/insufficient.,Usability
305,https://github.com/SerenityOS/serenity/issues/13067,Build: Lagom Fuzzer fails build error in LibUnicode,projects,2.0,Fuzzer Usage: Developer struggle to build and run the fuzzer,F16,"Developers have difficulties in setting up, building or using fuzzer.",Usability
306,https://github.com/llvm/llvm-project/issues/22212,[fuzz] SEGV in/below ParseGNUAttributes,projects,3.0,FP,None,None,None
307,https://github.com/secdev/scapy/issues/1398,Scapy fuzz() wrong length,projects,8.0,Developer need help learning how to write fuzz code from more experience dev,F21,Developers have difficulties writing/understanding fuzzing code.,Other
308,https://github.com/caddyserver/caddy/issues/2851,[FUZZIT] Crash at fuzzing target parse-network-address,projects,4.0,FP,None,None,None
309,https://github.com/facebook/zstd/issues/169,Can't build fuzzer/fullBench on VS in Release x64: warning treated as error,projects,4.0,FP,None,None,None
310,https://github.com/bitcoin/bitcoin/issues/23105,How to fuzz stateful logic?,projects,5.0,Developer need help to fuzz stateful logic,F15,Developers have difficulties in generating the correct inputs or targeting specific parts of software.,Usability
311,https://github.com/commonmark/cmark/issues/354,Issue revealed by fuzzer,projects,8.0,FP,None,None,None
312,https://github.com/radareorg/radare2/issues/12134,Last 5 clusterfuzz reproducers,projects,1.0,FP,None,None,None
313,https://github.com/osquery/osquery/issues/5909,Move fuzzing harnesses to a new directory and refactor fuzzing constants,projects,5.0,FP,None,None,None
314,https://github.com/ethereum/solidity/issues/8724,[Fuzzing] Add multi variable declaration statement to yul proto spec,projects,3.0,FP,None,None,None
315,https://github.com/bitcoin/bitcoin/issues/18431,Add fuzzing harnesses,projects,2.0,FP,None,None,None
316,https://github.com/dart-lang/sdk/issues/37680,lib_2/mirrors/invocation_fuzz_test/emptyarray fails on Mac Product,projects,6.0,fuzz test is flaky on Mac,F14,Developers are struggling to reproduce build failures or bugs detected by fuzzing.,Reproducibility
317,https://github.com/dart-lang/sdk/issues/38039,analyzer fuzz crash: type called on null in ctor in constant engine,projects,6.0,FP,None,None,None
318,https://github.com/libjxl/libjxl/issues/66,oss-fuzz reports a possible write-after-free in libjxl,projects,6.0,FP,None,None,None
319,https://github.com/ClickHouse/ClickHouse/issues/14608,Fuzzer: crash in ArithmeticOperationsInAgrFuncMatcher,projects,6.0,FP,None,None,None
320,https://github.com/dart-lang/sdk/issues/38091,Parser fuzz infinite loop,projects,5.0,Fuzzer loops infinitely while fuzzing parser,F8,Bugs in fuzzer lead to build failures or abnormal/inconsistent fuzzing behaviors. ,Reliability
321,https://github.com/golang/go/issues/35158,runtime: fatal error: unknown caller pc (libfuzz),projects,2.0,FP,None,None,None
322,https://github.com/bitcoin/bitcoin/issues/20088,fuzz: how to scale fuzzing with the number of fuzz targets,projects,6.0,Developer wants to know how to scale his fuzzing while keeping good coverage as fuzz target grow,F5,The fuzzer has scalability issues when facing large inputs/fuzzing targets/corpora.,Performance
323,https://github.com/ClickHouse/ClickHouse/issues/19108,Fuzzer: Segfault without stacktrace,projects,7.0,FP,None,None,None
324,https://github.com/openssl/openssl/issues/9744,Cryptofuzz in OpenSSL CI,projects,3.0,How to integrate fuzzing into the CI,F16,"Developers have difficulties in setting up, building or using fuzzer.",Usability
325,https://github.com/dart-lang/sdk/issues/36803,"Nightly fuzz failure: generic check bounds needs ""may throw"" flag",projects,2.0,FP,None,None,None
326,https://github.com/ClickHouse/ClickHouse/issues/20481,(idea) Logical fuzzing with SQLite.,projects,6.0,FP,None,None,None
327,https://github.com/etcd-io/etcd/issues/13534,Extending fuzzing of etcd,projects,6.0,FP,None,None,None
328,https://github.com/project-oak/oak/issues/2269,Investigate integrating Wasmi fuzzers with OSS Fuzz,projects,2.0,FP,None,None,None
329,https://github.com/cisco/openh264/issues/3494,oss-fuzz-44853  Index-out-of-bounds in WelsDec::AddLongTermToList,projects,3.0,FP,None,None,None
330,https://github.com/envoyproxy/envoy/issues/11802,Building a fuzz test with coverage fails with error `relocation R_X86_64_PC32 out of range`,projects,8.0,Dev does not know how to build a fuzzer with coverage measurement,F16,"Developers have difficulties in setting up, building or using fuzzer.",Usability
331,https://github.com/google/syzkaller/issues/1665,syz-fuzzer: crash when coverage is disabled but comparisons are supported,projects,5.0,FP,None,None,None
332,https://github.com/dart-lang/sdk/issues/38041,analyzer fuzz crash: arguments called on null with invalid super initializer,projects,1.0,FP,None,None,None
333,https://github.com/bitcoin/bitcoin/issues/20232,fuzz: Access fuzzing context in test_one_input,projects,5.0,Design problem: Fuzz test code depends on global variable that will soon be de-globalized,F20,Bad code design limits the ability to fuzz.,Other
334,https://github.com/SerenityOS/serenity/issues/4154,Continuous fuzzing by way of OSS-Fuzz integration,projects,6.0,FP,None,None,None
335,https://github.com/Exiv2/exiv2/issues/1877,OSS-Fuzz: Stack-overflow in XML_Node::RemoveContent,projects,8.0,FP,None,None,None
336,https://github.com/htacg/tidy-html5/issues/591,Fuzz testing tidy-html5,projects,1.0,FP,None,None,None
337,https://github.com/google/json5format/issues/21,Address frequent oss-fuzz error: byte index <n> is not a char boundary; it is inside,projects,2.0,FP,None,None,None
338,https://github.com/dart-lang/sdk/issues/45525,"[dartfuzz] JIT-DebugX64C Assertion failure: FlowGraph::IsConstantRepresentable( result, representation, true)",projects,7.0,FP,None,None,None
339,https://github.com/golang/go/issues/48989,cmd/go: fuzz minimizing line gives a misleading number of bytes,projects,2.0,FP,None,None,None
340,https://github.com/dart-lang/sdk/issues/37606,[vm/ffi] Explore fuzz-testing for the FFI,projects,2.0,Trying to find a way to fuzz a specific part of the software,F15,Developers have difficulties in generating the correct inputs or targeting specific parts of software.,Usability
341,https://github.com/sass/libsass/issues/3138,ãfuzzãheap-buffer-overflow,projects,6.0,FP,None,None,None
342,https://github.com/nanopb/nanopb/issues/143,Create a .proto fuzzer,projects,4.0,FP,None,None,None
343,https://github.com/dart-lang/sdk/issues/38063,Analyzer fuzz crash: optional parameter in new function type deeply buried in old function type,projects,8.0,FP,None,None,None
344,https://github.com/dgraph-io/dgraph/issues/7958,Are there any test results about fuzzy querying text value of a node in the graph database?,projects,6.0,FP,None,None,None
345,https://github.com/nlohmann/json/issues/411,Heap-buffer-overflow (OSS-Fuzz issue 366),projects,3.0,FP,None,None,None
346,https://github.com/dart-lang/sdk/issues/38062,Analyzer fuzz crash: substitute2 called on null with duplicate,projects,8.0,FP,None,None,None
347,https://github.com/envoyproxy/envoy/issues/9401,HTTP Filter Fuzzing,projects,6.0,FP,None,None,None
348,https://github.com/msgpack/msgpack-c/issues/669,OSS-Fuzz integration,projects,4.0,FP,None,None,None
349,https://github.com/nlohmann/json/issues/516,Assertion error (OSS-Fuzz 868),projects,4.0,FP,None,None,None
350,https://github.com/monero-project/monero/issues/5023,Fuzz tests fail to compile.,projects,6.0,FP,None,None,None
351,https://github.com/llvm/llvm-project/issues/22238,"[fuzz] Assertion `QualifierLoc && ""should be created for dependent qualifiers""' failed.",projects,8.0,FP,None,None,None
352,https://github.com/GrokImageCompression/grok/issues/162,oss-fuzz: add data flow support,projects,5.0,FP,None,None,None
353,https://github.com/llvm/llvm-project/issues/39047,clang analyzer doesn't consider equality assumption in dataflow,projects,5.0,FP,None,None,None
354,https://github.com/jhump/protoreflect/issues/432,Run fuzzing in CI,projects,2.0,FP,None,None,None
355,https://github.com/dart-lang/sdk/issues/48672,mirrors/invocation_fuzz_test invokes FFI native,projects,6.0,FP,None,None,None
356,https://github.com/nlohmann/json/issues/409,Use-of-uninitialized-value (OSS-Fuzz issue 347),projects,3.0,FP,None,None,None
357,https://github.com/bitcoin/bitcoin/issues/19557,test: recently merged fuzzers don't compile on macOS,projects,7.0,Dev can't get fuzzer to compile on MacOS,F2,Incompability between fuzzing environment and project leads to build failures.,Compatibility
358,https://github.com/thesofproject/sof/issues/3222,[BUG][Fuzzing]Testbench: Segmentation Fault: when running testbench with a topology file,projects,4.0,FP,None,None,None
359,https://github.com/grpc/grpc/issues/22760,TIMEOUT: python_macos_opt_native_py36_native_test_unit__metadata_flags_test_MetadataFlagsTest.py36_native.test.unit._metadata_flags_test.MetadataFlagsTest,projects,8.0,FP,None,None,None
360,https://github.com/SerenityOS/serenity/issues/1025,Enlighten syzkaller to fuzz the Serenity OS sycall boundary.,projects,5.0,Comptability issue between Fuzzer and Go language,F3,The fuzzer misses desired functionalities/features.,Functionality
361,https://github.com/zlib-ng/zlib-ng/issues/190,[fuzz] decompression tester needs a valid header,projects,5.0,FP,None,None,None
362,https://github.com/dart-lang/sdk/issues/39037,Analyzer fuzz crash: Compiler cannot run without a compiler context,projects,7.0,FP,None,None,None
363,https://github.com/dart-lang/sdk/issues/38096,Analyzer fuzz crash: unnamed parameterized function call in top level fn literal,projects,6.0,FP,None,None,None
364,https://github.com/golang/go/issues/46543,[dev.fuzz] cmd/go: fuzzing strings is much slower than fuzzing []byte,projects,1.0,Fuzzing Poor Performance when fuzzing strings,F4,"Fuzzing process takes too much time or resouces (e.g., memory, CPU, disk spaces).",Performance
365,https://github.com/golang/go/issues/48928,testing: -fuzzminimizetime={number}x doesn't work,projects,8.0,FP,None,None,None
366,https://github.com/golang/go/issues/48255,x/website: write a guide for fuzzing,projects,7.0,FP,None,None,None
367,https://github.com/bytecodealliance/wasmtime/issues/3574,ISLE: fuzz generated code with on-the-fly `Arbitrary` extractor results,projects,5.0,FP,None,None,None
368,https://github.com/influxdata/influxdb/issues/8061,[Query Fuzz] Query doesn't return,projects,8.0,FP,None,None,None
369,https://github.com/obgm/libcoap/issues/213,How to fuzz coap_read(),projects,3.0,Developer is trying to understand how to fuzz one of their API,F15,Developers have difficulties in generating the correct inputs or targeting specific parts of software.,Usability
370,https://github.com/khaledhosny/ots/issues/115,Add OTS to Googleâs OSS Fuzz project,projects,3.0,FP,None,None,None
371,https://github.com/nlohmann/json/issues/3475,json:parse_bjdata_fuzzer reaches assertion,projects,4.0,FP,None,None,None
372,https://github.com/radareorg/radare2/issues/8502,"[rafuzz2] ""=< dt"" crashes r2 on Linux",projects,5.0,FP,None,None,None
373,https://github.com/project-oak/oak/issues/893,Investigate fuzz testing with OSS-Fuzz for Rust,projects,4.0,FP,None,None,None
374,https://github.com/dart-lang/sdk/issues/38203,analyzer fuzz crash: binary operator on extension name,projects,3.0,FP,None,None,None
375,https://github.com/google/syzkaller/issues/1622,sys/linux: kernel fuzzing lockdown,projects,6.0,Developer wants to find a way to filter out cases that cause crash/reboot/corruption,F12,Fuzzer unusual inputs cause crashes/issues.,Reliability
376,https://github.com/ninja-build/ninja/issues/960,afl-fuzz repro causing oom,projects,6.0,fuzzer use too much resources and causes out of memory,F4,"Fuzzing process takes too much time or resouces (e.g., memory, CPU, disk spaces).",Performance
377,https://github.com/LibreDWG/libredwg/issues/197,remaining injson fuzzing crashes and leaks,projects,2.0,FP,None,None,None
378,https://github.com/spdk/spdk/issues/1846,[vhost/vhost_initiator] vhost fuzzer fuzz_vhost_create_dev  error,projects,3.0,FP,None,None,None
379,https://github.com/influxdata/influxdb/issues/8065,[Query Fuzz] Query doesn't return,projects,2.0,FP,None,None,None
380,https://github.com/llvm/llvm-project/issues/53429,libFuzzer sometimes doesn't report timeout,projects,6.0,Bug in the fuzzer: Fuzzer shows inconsistent behaviour (sometimes timeout sometimes no timeout),F8,Bugs in fuzzer lead to build failures or abnormal/inconsistent fuzzing behaviors. ,Reliability
381,https://github.com/dart-lang/sdk/issues/38953,Analyzer fuzz crash: ui as code in string interpolation in import uri,projects,4.0,FP,None,None,None
382,https://github.com/census-instrumentation/opencensus-cpp/issues/396,Integrating with OSS-Fuzz,projects,3.0,FP,None,None,None
383,https://github.com/dart-lang/sdk/issues/38275,Analyzer fuzz crash: invalid typedef reference in set literal,projects,7.0,FP,None,None,None
384,https://github.com/envoyproxy/envoy/issues/9798,Automatic creation of the HTTP Filter Fuzzer dictionary,projects,3.0,FP,None,None,None
385,https://github.com/golang/go/issues/48179,internal/fuzz: regression finding interesting inputs in simple tests,projects,8.0,Fuzzer logs not showing progress (just keeps running without showing that new coverage is reached),F18,Messages/information generated by fuzzers is missing/confusing/unhelpful.,Usability
386,https://github.com/golang/go/issues/48901,cmd/go/internal/cache: provide GOFUZZCACHE environment variable,projects,7.0,Corpus is auto-deleted after fuzzing (developer feels like it's a waste of cpu time used),F13,Developers are not able to save or re-use corpus.,Reproducibility
387,https://github.com/simdjson/simdjson/issues/368,Investigate and increase fuzz coverage,projects,5.0,FP,None,None,None
388,https://github.com/dart-lang/sdk/issues/37942,analyzer fuzz crash: analyzer extensions crash on super operator,projects,1.0,FP,None,None,None
389,https://github.com/google/syzkaller/issues/2777,syz-fuzzer: invalid memory address or nil pointer dereference at BuildChoiceTable,projects,3.0,FP,None,None,None
390,https://github.com/dart-lang/sdk/issues/38048,analyzer fuzz crash: calling sync local fn within metadata on a top level var,projects,6.0,FP,None,None,None
391,https://github.com/golang/go/issues/48606,testing: fuzzed function can corrupt internal state of fuzzer,projects,3.0,FP,None,None,None
392,https://github.com/pingcap/tidb/issues/318,Testing tidb with Go fuzzer,projects,3.0,FP,None,None,None
393,https://github.com/dart-lang/sdk/issues/39036,Parser fuzz crash: token.isOperator for ===,projects,5.0,FP,None,None,None
394,https://github.com/golang/go/issues/50852,doc: fuzzing tutorial: is the final test correct?,projects,5.0,FP,None,None,None
395,https://github.com/jboss-javassist/javassist/issues/20,Support for Javaflow bytecode pattern,projects,8.0,FP,None,None,None
396,https://github.com/openssl/openssl/issues/16406,Microsoft Defender & fuzz files,projects,7.0,FP,None,None,None
397,https://github.com/curl/curl/issues/8041,Issue 41258: curl:curl_fuzzer_gopher: Heap-buffer-overflow in seturl,projects,1.0,FP,None,None,None
398,https://github.com/ossf/scorecard/issues/1289,"The ""Fuzzing"" check doesn't seem to work anymore",projects,1.0,FP,None,None,None
399,https://github.com/dart-lang/sdk/issues/39023,Analyzer fuzz test crash: test infrastructe crashes on utf-8 sequence,projects,1.0,Fuzzer crashes when using different test infrastructure,F2,Incompability between fuzzing environment and project leads to build failures.,Compatibility
400,https://github.com/assimp/assimp/issues/3422,32 of 38 Issue 24506 in oss-fuzz: assimp:assimp_fuzzer: Integer-overflow in Assimp::MDLImporter::InternReadFile_Quake1,projects,3.0,FP,None,None,None
401,https://github.com/Blosc/c-blosc2/issues/373,"Libfuzzer: ""member access within null pointer of type 'blosc2_stdio_file'""",projects,5.0,FP,None,None,None
402,https://github.com/opencv/opencv/issues/21947,"BufferOverflow BugReport, Fuzzing suggestion",projects,8.0,FP,None,None,None
403,https://github.com/ANSSI-FR/libecc/issues/20,ECRDSA fuzzing mode bugfix,projects,3.0,FP,None,None,None
404,https://github.com/llvm/llvm-project/issues/53891,libfuzzer/asan: Fiber helpers don't support reallocation of a fiber stack,projects,4.0,Fuzzer does not fit well with the asynchronous nature of the project,F3,The fuzzer misses desired functionalities/features.,Functionality
405,https://github.com/llvm/llvm-project/issues/55018,"bogus `-Wmissing-prototypes` warning with `extern ""C""` function (fuzzer)",projects,6.0,FP,None,None,None
406,https://github.com/ethereum/solidity/issues/8358,[docker] ossfuzz image: Upgrade libprotobuf-mutator,projects,1.0,FP,None,None,None
407,https://github.com/JodaOrg/joda-time/issues/586,Integrating joda-time with OSS-Fuzz,projects,4.0,FP,None,None,None
408,https://github.com/kubernetes/kubernetes/issues/59829,Fuzz or matrix test the API server,projects,6.0,FP,None,None,None
409,https://github.com/valyala/fasthttp/issues/838,Docs: Fuzzit badge isn't loading,projects,5.0,FP,None,None,None
410,https://github.com/secdev/scapy/issues/1758,netflow v9 DataFlowSet length with padding,projects,8.0,FP,None,None,None
411,https://github.com/dart-lang/sdk/issues/38049,Analyzer fuzz crash: calling improperly defined operator,projects,8.0,FP,None,None,None
412,https://github.com/yhirose/cpp-httplib/issues/1116,Fuzzing build failure,projects,1.0,Oss-fuzz: Build failure was due to issue on oss-fuzz side,O2,Compatibility of environment or dependencies between project and OSS-Fuzz lead to project crash/build failures.,Compatibility
413,https://github.com/dart-lang/sdk/issues/38070,analyzer fuzz crash: Annotated type parameter,projects,7.0,FP,None,None,None
414,https://github.com/bitcoin/bitcoin/issues/19679,"test, ci: Fuzzing harnesses lacking a seed corpus",projects,3.0,FP,None,None,None
415,https://github.com/CodeIntelligenceTesting/jazzer/issues/249,"FuzzedDataProvider.consumeChar(char min, char max) returns values outside of range",projects,6.0,FP,None,None,None
416,https://github.com/image-rs/image/issues/871,Fuzzing with travis,projects,6.0,Developers need to figure out how to integrate their fuzzer with their CI,F16,"Developers have difficulties in setting up, building or using fuzzer.",Usability
417,https://github.com/radareorg/radare2/issues/1541,./bins/dalvik/fuzz-dex-jox01 segfault,projects,1.0,FP,None,None,None
418,https://github.com/secdev/scapy/issues/3278,How to fuzz based on existing well-formed packet?,projects,7.0,Developer wants to know how to generate mutations based on existing data while fuzzing,F12,Fuzzer unusual inputs cause crashes/issues.,Reliability
419,https://github.com/CodeIntelligenceTesting/jazzer/issues/188,libFuzzer Dictionary Support,projects,6.0,Developer cannot pass arguments correctly to the fuzzer,F16,"Developers have difficulties in setting up, building or using fuzzer.",Usability
420,https://github.com/llvm/llvm-project/issues/33176,implement a structured clang-fuzzer (aka clang-proto-fuzzer),projects,6.0,FP,None,None,None
421,https://github.com/nlohmann/json/issues/437,Use-of-uninitialized-value (OSS-Fuzz issue 477),projects,3.0,FP,None,None,None
422,https://github.com/alembic/alembic/issues/233,Integrating with OSS-Fuzz,projects,8.0,FP,None,None,None
423,https://github.com/CESNET/libyang/issues/772,Segmentation fault in yangfuzz and yanglint,projects,3.0,FP,None,None,None
424,https://github.com/leethomason/tinyxml2/issues/291,Null pointer dereference when fuzzed,projects,8.0,FP,None,None,None
425,https://github.com/llvm/llvm-project/issues/22328,"[fuzz, binary] Assertion `EndColNo <= map.getSourceLine().size() && ""Invalid range!""' failed.",projects,1.0,FP,None,None,None
426,https://github.com/pingcap/tidb/issues/3949,several panic using go-fuzz to test,projects,1.0,FP,None,None,None
427,https://github.com/ethereum/solidity/issues/5829,Add libFuzzer (oss-fuzz) CI,projects,7.0,FP,None,None,None
428,https://github.com/llvm/llvm-project/issues/3191,assertion failure in DataflowValues.h,projects,7.0,FP,None,None,None
429,https://github.com/grpc/grpc/issues/23459,Installing grpcio-1.30.0 from Google Function for Google Dataflow reference,projects,4.0,FP,None,None,None
430,https://github.com/thesofproject/sof/issues/5080,[FEATURE] Add fuzzing endpoints for math functions,projects,8.0,FP,None,None,None
431,https://github.com/istio/istio/issues/14187,Improve workload SDS fault injection / fuzzy test coverage,projects,3.0,FP,None,None,None
432,https://github.com/llvm/llvm-project/issues/22210,[fuzz] Assertion `isScalarType()' failed.,projects,7.0,FP,None,None,None
433,https://github.com/dart-lang/sdk/issues/39032,Parser fuzz crash: unimplemented parse in mixin,projects,8.0,FP,None,None,None
434,https://github.com/golang/go/issues/44139,[dev.fuzz] proposal: add flag to control parallelism,projects,2.0,Fuzzing takes too much resources,F4,"Fuzzing process takes too much time or resouces (e.g., memory, CPU, disk spaces).",Performance
435,https://github.com/facebook/zstd/issues/1723,[fuzz] Improve the data generation,projects,2.0,FP,None,None,None
436,https://github.com/WizardMac/ReadStat/issues/181,Activate remaining 7 fuzzers in OSSFuzz,projects,7.0,Fuzz targets are too small to fuzz,F6,Bad fuzzing targets lead to fuzzing failure or inconsistent results.,Reliability
437,https://github.com/golang/go/issues/50606,"internal/fuzz: test_fuzz_minimize_interesting failures with ""cannot unmarshal empty string""",projects,1.0,FP,None,None,None
438,https://github.com/assimp/assimp/issues/3974,Bug: Issue 35660 in oss-fuzz: assimp:assimp_fuzzer: Null-dereference READ in std::__1::char_traits<char>::length,projects,7.0,FP,None,None,None
439,https://github.com/golang/go/issues/48654,cmd/go: add a test for coverage guidance while fuzzing,projects,3.0,FP,None,None,None
440,https://github.com/caddyserver/caddy/issues/4169,fuzz-format: Timeout in fuzz-format,projects,4.0,FP,None,None,None
441,https://github.com/google/oss-fuzz/issues/3475,"Issue wrongly marked ""verified""",oss,8.0,Flaky fuzzing bug,F14,Developers are struggling to reproduce build failures or bugs detected by fuzzing.,Reproducibility
442,https://github.com/google/oss-fuzz/issues/1396,fix new project guide for msan,oss,3.0,FP,None,None,None
443,https://github.com/google/oss-fuzz/issues/1458,Unable to retrieve corpus backup,oss,2.0,Change from google prevent dev from downloading corpus from google server,O12,Key resources unavailable on OSS-Fuzz lead to project crash/build faulures.,Reliability
444,https://github.com/google/oss-fuzz/issues/4334,Add fuzzing dictionaries by default,oss,3.0,FP,None,None,None
445,https://github.com/google/oss-fuzz/issues/3277,presubmit.py: check_project_yaml_constants needs update,oss,8.0,FP,None,None,None
446,https://github.com/google/oss-fuzz/issues/7071,Getc/getc_unlocked are claimed to return uninitialized data from setvbuf private buffer,oss,4.0,Lack of MSan for project on OSS-fuzz side cause project to have unreproducible error,O2,Compatibility of environment or dependencies between project and OSS-Fuzz lead to project crash/build failures.,Compatibility
447,https://github.com/google/oss-fuzz/issues/6528,clusterfuzzlite: helper.py message for nonexistent external projects is confusing,oss,4.0,fuzzer produces confusing error message,F18,Messages/information generated by fuzzers is missing/confusing/unhelpful.,Usability
448,https://github.com/google/oss-fuzz/issues/460,NSS fails AFL builds with undefined reference to `LLVMFuzzerMutate',oss,1.0,Difficulity providing specific input to fuzzers using custom mutators,F15,Developers have difficulties in generating the correct inputs or targeting specific parts of software.,Usability
449,https://github.com/google/oss-fuzz/issues/6696,[cflite] Ensure that bugs found on first run don't get hidden forever.,oss,2.0,FP,None,None,None
450,https://github.com/google/oss-fuzz/issues/703,[qubes-os] Debugging non-reproducible timeout crashes,oss,3.0,Fuzzing targets keep getting timed out but testcase cannot be reproduced to find the issue,F14,Developers are struggling to reproduce build failures or bugs detected by fuzzing.,Reproducibility
451,https://github.com/google/oss-fuzz/issues/244,mechanism to manage bug disclosure ?,oss,7.0,OSS-fuzz challenge: Oss-fuzz does not adapt bug public release policy for each project,O10,Oss-fuzz configurations lead to undesired bug public release.,Permission
452,https://github.com/google/oss-fuzz/issues/6156,Missing testcases in OSS-Fuzz dashboard,oss,6.0,FP,None,None,None
453,https://github.com/google/oss-fuzz/issues/1720,Guidance on stats interpretation,oss,8.0,Oss-fuzz challenge: Developers find coverage report to be confusing,O17,"Information in fuzzing reports can be missing, unclear, misleading or even wrong.",Usability
454,https://github.com/google/oss-fuzz/issues/131,"""fuzzer_logs"" not visible due to permissions",oss,5.0,FP,None,None,None
455,https://github.com/google/oss-fuzz/issues/2855,Some questions regarding the OSS Fuzz project and rewards for contributors,oss,1.0,FP,None,None,None
456,https://github.com/google/oss-fuzz/issues/1045,gstreamer build is broken,oss,8.0,FP,None,None,None
457,https://github.com/google/oss-fuzz/issues/2428,helper.py build_fuzzers project <path> seems to fail when there is a colon in <path>,oss,1.0,Changes in external build tool (Azure) causes build to fail,F10,Issues in build tools or external dependencies lead to crash/build faiures.,Reliability
458,https://github.com/google/oss-fuzz/issues/959,Unable to access Reproducer Testcase,oss,8.0,Oss-fuzz challenge: Maintainer cannot access reproducer testcase on oss-fuzz,O9,Developers do not have access to project status/fuzzer logs/bug reports on OSS-Fuzz.        ,Permission
459,https://github.com/google/oss-fuzz/issues/5763,Coverage builds broken,oss,8.0,FP,None,None,None
460,https://github.com/google/oss-fuzz/issues/4233,Unclear state of coverage build status for qt,oss,5.0,OSS-fuzz challenge: Oss-fuzz changing build system infrastructure cause missing coverage build,O1,Updates of OSS-Fuzz lead to project crash/build failures.,Compatibility
461,https://github.com/google/oss-fuzz/issues/1368,h2o: fuzz target crashes on startup.,oss,4.0,FP,None,None,None
462,https://github.com/google/oss-fuzz/issues/49,Migrate old .rev files to .srcmap.json,oss,8.0,FP,None,None,None
463,https://github.com/google/oss-fuzz/issues/541,"report null derefs as such, instead of 'unknown crash'",oss,8.0,FP,None,None,None
464,https://github.com/google/oss-fuzz/issues/1173,Ocassionally line number in stacktrace is 0,oss,4.0,stacktrace information is not correct due to a bug in the compiler,F10,Issues in build tools or external dependencies lead to crash/build faiures.,Reliability
465,https://github.com/google/oss-fuzz/issues/128,AFL support,oss,1.0,FP,None,None,None
466,https://github.com/google/oss-fuzz/issues/7138,Unreadable corpus files break entire build,oss,3.0,Undreadble in corpus causes build to fail,F11,Issues in corpus lead to build failures or unreliable results.,Reliability
467,https://github.com/google/oss-fuzz/issues/870,Ignore email case sensitivity.,oss,8.0,FP,None,None,None
468,https://github.com/google/oss-fuzz/issues/1120,Add fuzzer for UBJSON input in nlohmann/json,oss,5.0,FP,None,None,None
469,https://github.com/google/oss-fuzz/issues/3130,"""Progression task started"", but never seems to end",oss,6.0,Oss-fuzz challenge: Oss-fuzz dev dedicated too little disk size for project build,O6,OSS-Fuzz does not allocate enough resources to project for fuzzing.,Performance
470,https://github.com/google/oss-fuzz/issues/4604,[cifuzz] Pass an environment variable so that build.sh knows it is in CIFuzz,oss,3.0,FP,None,None,None
471,https://github.com/google/oss-fuzz/issues/5637,Switch to default Mbed TLS branch when 3.0 stable (June),oss,7.0,FP,None,None,None
472,https://github.com/google/oss-fuzz/issues/6677,[clusterfuzzlite] RUN_FUZZERS_MODE/mode are used inconsistently,oss,1.0,FP,None,None,None
473,https://github.com/google/oss-fuzz/issues/7208,Step #5: error: /workspace/out/libfuzzer-coverage-x86_64/dumps/*.profdata: No such file or directory,oss,8.0,FP,None,None,None
474,https://github.com/google/oss-fuzz/issues/2558,Reproduce with multiple sanatizers,oss,6.0,Oss-fuzz does not support multiple sanitizer build,O5,OSS-Fuzz misses desired functionalities/features.,Functionality
475,https://github.com/google/oss-fuzz/issues/5429,Supposedly Verified issue keeps existing as crash,oss,8.0,OSS-Fuzz: issue status wrongly marked,O14,Bug status is not correct in the issue tracking system.,Reliability
476,https://github.com/google/oss-fuzz/issues/817,Broken ffmpeg build with UBSan,oss,8.0,FP,None,None,None
477,https://github.com/google/oss-fuzz/issues/1675,Fuzzing of memory limitation and malloc fails,oss,6.0,Fuzzer lacks features to test possible out of memory paths in the code,F3,The fuzzer misses desired functionalities/features.,Functionality
478,https://github.com/google/oss-fuzz/issues/1533,Past crash regressions need to be retried,oss,2.0,FP,None,None,None
479,https://github.com/google/oss-fuzz/issues/716,I get notified about curl issues but can't access them,oss,8.0,oss-fuzz challenge: Project maintainer doesn't have access to fuzzing reports,O9,Developers do not have access to project status/fuzzer logs/bug reports on OSS-Fuzz.        ,Permission
480,https://github.com/google/oss-fuzz/issues/7188,Coverage reports not being found/linked to by clusterfuzz,oss,5.0,FP,None,None,None
481,https://github.com/google/oss-fuzz/issues/3157,Revert clang workaround for gRPC,oss,2.0,FP,None,None,None
482,https://github.com/google/oss-fuzz/issues/4140,Mercurial coverage build busted,oss,7.0,Project build broke on OSS-fuzz even without developer pushing new changes (oss-fuzz expects specific directory structure: i.e don't use the /out folder),O2,Compatibility of environment or dependencies between project and OSS-Fuzz lead to project crash/build failures.,Compatibility
483,https://github.com/google/oss-fuzz/issues/2289,All the projects where AFL is used as a fuzzing engine seem to be broken,oss,3.0,Bug in AFL causes project breaks project compilation,F8,Bugs in fuzzer lead to build failures or abnormal/inconsistent fuzzing behaviors. ,Reliability
484,https://github.com/google/oss-fuzz/issues/567,make ffmpeg seed corpora smaller and re-enable them,oss,5.0,Fuzzer cannot handle project and corpora size,F5,The fuzzer has scalability issues when facing large inputs/fuzzing targets/corpora.,Performance
485,https://github.com/google/oss-fuzz/issues/3604,Unable to reproduce bug in sqlite3,oss,5.0,Developer cannot reproduce the fuzzer crash,F14,Developers are struggling to reproduce build failures or bugs detected by fuzzing.,Reproducibility
486,https://github.com/google/oss-fuzz/issues/33,Checking out of non-git VCS,oss,4.0,FP,None,None,None
487,https://github.com/google/oss-fuzz/issues/872,Leaks not raised as issues?,oss,2.0,Flaky memory leak,F14,Developers are struggling to reproduce build failures or bugs detected by fuzzing.,Reproducibility
488,https://github.com/google/oss-fuzz/issues/1111,gdal builds are broken,oss,6.0,FP,None,None,None
489,https://github.com/google/oss-fuzz/issues/1449,Some LibreOffice Fuzzers Can't Use AFL's Deferred Forkserver,oss,2.0,Bad config prevent fuzzers from using AFL to fuzz project,F16,"Developers have difficulties in setting up, building or using fuzzer.",Usability
490,https://github.com/google/oss-fuzz/issues/2243,Disable unmaintained projects,oss,3.0,FP,None,None,None
491,https://github.com/google/oss-fuzz/issues/910,enable -fsanitize=unsigned-integer-overflow in non-faulting mode in ubsan build,oss,3.0,FP,None,None,None
492,https://github.com/google/oss-fuzz/issues/1229,Known crash revision did not crash.,oss,8.0,Fuzzing test is Flaky,F14,Developers are struggling to reproduce build failures or bugs detected by fuzzing.,Reproducibility
493,https://github.com/google/oss-fuzz/issues/6064,cifuzz: corpus pruning,oss,7.0,FP,None,None,None
494,https://github.com/google/oss-fuzz/issues/440,issues in monorail remaining verified fixed when redo task shows it not,oss,1.0,Oss-fuzz: Bug status marked fixed but not fixed in project,O14,Bug status is not correct in the issue tracking system.,Reliability
495,https://github.com/google/oss-fuzz/issues/704,h2o build failure,oss,8.0,FP,None,None,None
496,https://github.com/google/oss-fuzz/issues/3014,OSS-Fuzz doesn't seem to fuzz continuously,oss,7.0,Oss-fuzz challenge: Not All fuzz targets and projects get as much cpu resources,O6,OSS-Fuzz does not allocate enough resources to project for fuzzing.,Performance
497,https://github.com/google/oss-fuzz/issues/1211,Issue wont close eventhough it has been fixed.,oss,2.0,Developer lacks access to oss-fuzz functionality,O8,Developers do not have access to certain functionalities of OSS-Fuzz.        ,Permission
498,https://github.com/google/oss-fuzz/issues/1211,Issue wont close eventhough it has been fixed.,oss,2.0,Oss-fuzz bug still open even if bug fixed in project,O14,Bug status is not correct in the issue tracking system.,Reliability
499,https://github.com/google/oss-fuzz/issues/344,Make sure that projects use all sanitizers by default and not need to override sanitizers:,oss,8.0,FP,None,None,None
500,https://github.com/google/oss-fuzz/issues/1072,oss-fuzz.com UI is too wide if you have access to many projects,oss,8.0,FP,None,None,None
501,https://github.com/google/oss-fuzz/issues/445,Large control file does not seem to get deleted on error during merging,oss,7.0,Fuzzer generates huge files while merging multiple corpus but can't delete them,F4,"Fuzzing process takes too much time or resouces (e.g., memory, CPU, disk spaces).",Performance
502,https://github.com/google/oss-fuzz/issues/3420,[CIFuzz]: Improve likelihood of rediscovering crash on same PR,oss,3.0,CIFuzz marks bug as fixed when it happens to not found the bug again without verifying the bug is indeed fixed,O14,Bug status is not correct in the issue tracking system.,Reliability
503,https://github.com/google/oss-fuzz/issues/7660,Fuzz Introspector fails to fetch coverage reports,oss,8.0,FP,None,None,None
504,https://github.com/google/oss-fuzz/issues/611,support honggfuzz,oss,7.0,FP,None,None,None
505,https://github.com/google/oss-fuzz/issues/3855,False positives in Clang's MSAN since latest update,oss,4.0,Oss-fuzz challenge: Oss-fuzz installs a copy of a library in a different location than the project (result in diff library version and location),O2,Compatibility of environment or dependencies between project and OSS-Fuzz lead to project crash/build failures.,Compatibility
506,https://github.com/google/oss-fuzz/issues/1166,"Total coverage does not work for large projects, move to Clang Coverage",oss,8.0,Oss-fuzz challenge: Developer can't access coverage reports,O9,Developers do not have access to project status/fuzzer logs/bug reports on OSS-Fuzz.        ,Permission
507,https://github.com/google/oss-fuzz/issues/6878,Add email to project.yaml,oss,2.0,FP,None,None,None
508,https://github.com/google/oss-fuzz/issues/1154,Replicating Docker environment locally and confirming UBSan crash,oss,6.0,Developer has difficulty in understanding the cause of crash (needed help from oss-fuzz dev team),F14,Developers are struggling to reproduce build failures or bugs detected by fuzzing.,Reproducibility
509,https://github.com/google/oss-fuzz/issues/619,"pass dictionary autumatically, w/o requering the .options file",oss,1.0,FP,None,None,None
510,https://github.com/google/oss-fuzz/issues/6264,`/usr/bin/ld` cannot find some installed libraries,oss,3.0,Bad fuzzer environment/setup causes project to crash during fuzzer compilation,F16,"Developers have difficulties in setting up, building or using fuzzer.",Usability
511,https://github.com/google/oss-fuzz/issues/1330,systemd: bad build,oss,8.0,Oss fuzz requires library to be pre-built into the project (static linking),O5,OSS-Fuzz misses desired functionalities/features.,Functionality
512,https://github.com/google/oss-fuzz/issues/5536,Please remove the Hugo fuzzer,oss,8.0,FP,None,None,None
513,https://github.com/google/oss-fuzz/issues/2963,runner image has an /out directory even though the actual bot image does not,oss,1.0,FP,None,None,None
514,https://github.com/google/oss-fuzz/issues/1063,Add more fuzz targets for zlib,oss,2.0,FP,None,None,None
515,https://github.com/google/oss-fuzz/issues/4847,[go-ethereum] coverage build failure,oss,3.0,Wrong fuzzer build configuration causes fuzzing build to fail,F16,"Developers have difficulties in setting up, building or using fuzzer.",Usability
516,https://github.com/google/oss-fuzz/issues/1351,curl build broken,oss,6.0,Oss-fuzz challenge: Change on oss-fuzz side breaks project build,O1,Updates of OSS-Fuzz lead to project crash/build failures.,Compatibility
517,https://github.com/google/oss-fuzz/issues/2478,Merge loops for a while due to corrupted control file and never succeeds,oss,8.0,FP,None,None,None
518,https://github.com/google/oss-fuzz/issues/4325,ImageMagick wrong,oss,1.0,FP,None,None,None
519,https://github.com/google/oss-fuzz/issues/2815,Add jbig2dec to oss-fuzz,oss,6.0,FP,None,None,None
520,https://github.com/google/oss-fuzz/issues/5838,check_build passes although fuzzer is broken,oss,2.0,Fuzzer config allows crashes without build fail,F16,"Developers have difficulties in setting up, building or using fuzzer.",Usability
521,https://github.com/google/oss-fuzz/issues/823,Broken llvm build,oss,3.0,"Project using latest clang compiler causes incompatibilities with oss-fuzz (old compiler on oss-fuzz side, results in build crash)",O2,Compatibility of environment or dependencies between project and OSS-Fuzz lead to project crash/build failures.,Compatibility
522,https://github.com/google/oss-fuzz/issues/504,"Clusterfuzz UI: make ""redo task"" less confusing",oss,5.0,FP,None,None,None
523,https://github.com/google/oss-fuzz/issues/738,Badge/shield for OSS-Fuzz?,oss,5.0,FP,None,None,None
524,https://github.com/google/oss-fuzz/issues/5994,Coverage data does not represent reality,oss,3.0,Bug in project fuzzer causes coverage report to show bad data,F8,Bugs in fuzzer lead to build failures or abnormal/inconsistent fuzzing behaviors. ,Reliability
525,https://github.com/google/oss-fuzz/issues/55,Use standalone main in reproduce,oss,8.0,FP,None,None,None
526,https://github.com/google/oss-fuzz/issues/6147,Unreproducible issue keeps coming back,oss,8.0,Fuzzer: Difficulty reproducing Fuzzer bug,F14,Developers are struggling to reproduce build failures or bugs detected by fuzzing.,Reproducibility
527,https://github.com/google/oss-fuzz/issues/1113,libunistring trunk broke compile on dependent projects,oss,8.0,FP,None,None,None
528,https://github.com/google/oss-fuzz/issues/5660,Separate out 'unsafe' code in coverage reports for Rust projects,oss,8.0,FP,None,None,None
529,https://github.com/google/oss-fuzz/issues/3499,Coverage seems low since November,oss,6.0,oss-fuzz challenge: Old crash caused some fuzzing targets to stop fuzzing for several months in Lwan project,O15,Bugs in OSS-Fuzz causes fuzzer misbehave or produce wrong results.,Reliability
530,https://github.com/google/oss-fuzz/issues/3517,Targets stopped building?,oss,7.0,FP,None,None,None
531,https://github.com/google/oss-fuzz/issues/1112,afl fuzzer builds out of date compared to libFuzzer builds ?,oss,3.0,Bug on oss-fuzz side causes coverage report not to be generated and prevents some fuzzers from running,O17,"Information in fuzzing reports can be missing, unclear, misleading or even wrong.",Usability
532,https://github.com/google/oss-fuzz/issues/1118,truncated MSAN report,oss,5.0,OSS-fuzz challenge: Incomplete fuzzing reports,O17,"Information in fuzzing reports can be missing, unclear, misleading or even wrong.",Usability
533,https://github.com/google/oss-fuzz/issues/1356,Provide a way to run bad_build_check locally,oss,5.0,FP,None,None,None
534,https://github.com/google/oss-fuzz/issues/732,Memory Sanitizer runtime option to change exit/status code,oss,7.0,Documentation does not show information about the arg the dev needed,F17,Documentation on how to use the fuzzer is missing/insufficient.,Usability
535,https://github.com/google/oss-fuzz/issues/3876,Inaccessible perf_report on oss-fuzz.com for unicorn project,oss,8.0,Oss-fuzz challenge: Project not fuzzed properly due to bot malfunction,O15,Bugs in OSS-Fuzz causes fuzzer misbehave or produce wrong results.,Reliability
536,https://github.com/google/oss-fuzz/issues/916,minimization problem with clang-proto-fuzzer,oss,2.0,FP,None,None,None
537,https://github.com/google/oss-fuzz/issues/4375,Repeated false issues,oss,7.0,Oss-fuzz infrastructure update causes false positives,O15,Bugs in OSS-Fuzz causes fuzzer misbehave or produce wrong results.,Reliability
538,https://github.com/google/oss-fuzz/issues/1273,grpc build is broken,oss,7.0,FP,None,None,None
539,https://github.com/google/oss-fuzz/issues/7348,Question: Any plans for restoring previous corpora for unbound?,oss,7.0,Corpora that found bugs while fuzzing was deleted (can't reproduce the crashes without it),F13,Developers are not able to save or re-use corpus.,Reproducibility
540,https://github.com/google/oss-fuzz/issues/108,CPython fuzzing,oss,5.0,FP,None,None,None
541,https://github.com/google/oss-fuzz/issues/702,OSS-Fuzz Support for corporate company usage,oss,6.0,Developer couldn't set up libfuzzer (needed help),F16,"Developers have difficulties in setting up, building or using fuzzer.",Usability
542,https://github.com/google/oss-fuzz/issues/7355,Shrink the total size of all fuzzers when built,oss,2.0,Current fuzzer use too much diskpace resulting in crashes and prevents adding new fuzzer (which will take more space),F4,"Fuzzing process takes too much time or resouces (e.g., memory, CPU, disk spaces).",Performance
543,https://github.com/google/oss-fuzz/issues/6053,cifuzz batch: don't rely on a base commit.,oss,8.0,FP,None,None,None
544,https://github.com/google/oss-fuzz/issues/1529,Refactor helper.py and migrate to python3,oss,7.0,FP,None,None,None
545,https://github.com/google/oss-fuzz/issues/2087,giflib coverage-build failure,oss,1.0,Lack of corpus backup causes build failure,F13,Developers are not able to save or re-use corpus.,Reproducibility
546,https://github.com/google/oss-fuzz/issues/3093,Missing asan_blacklist.txt when building via Bazel,oss,5.0,Project fails compilation because sanitizer inconsistently adds dependencies to build file,F2,Incompability between fuzzing environment and project leads to build failures.,Compatibility
547,https://github.com/google/oss-fuzz/issues/2915,Question: uneven fuzz targets,oss,6.0,Developer need some help to find ways to improve the speed of fuzzing for his project,F4,"Fuzzing process takes too much time or resouces (e.g., memory, CPU, disk spaces).",Performance
548,https://github.com/google/oss-fuzz/issues/1188,libreoffice fuzz targets crashing a lot on startup,oss,6.0,OSS-fuzz: Fuzz target crash on oss-fuzz server but does not on local,O2,Compatibility of environment or dependencies between project and OSS-Fuzz lead to project crash/build failures.,Compatibility
549,https://github.com/google/oss-fuzz/issues/338,ffmpeg build is broken,oss,1.0,FP,None,None,None
550,https://github.com/google/oss-fuzz/issues/741,BoringSSL build breakage,oss,4.0,FP,None,None,None
551,https://github.com/google/oss-fuzz/issues/3982,[CIFuzz]: Some projects using CIFuzz still try to upload artifacts on build failure.,oss,8.0,FP,None,None,None
552,https://github.com/google/oss-fuzz/issues/3656,Fix broken CI build bot,oss,2.0,FP,None,None,None
553,https://github.com/google/oss-fuzz/issues/3383,Document Rust fuzzing,oss,2.0,FP,None,None,None
554,https://github.com/google/oss-fuzz/issues/571,grpc build broken again,oss,8.0,Project and Oss-fuzz using different compiler versions crashes build (new version more strict),O2,Compatibility of environment or dependencies between project and OSS-Fuzz lead to project crash/build failures.,Compatibility
555,https://github.com/google/oss-fuzz/issues/4176,Please grant ftang@google.com or ftang@chromium.org access,oss,2.0,FP,None,None,None
556,https://github.com/google/oss-fuzz/issues/7040,Deduplication on Rust is lacking,oss,2.0,OSS-fuzz: Detects duplicated bugs,O15,Bugs in OSS-Fuzz causes fuzzer misbehave or produce wrong results.,Reliability
557,https://github.com/google/oss-fuzz/issues/4395,"Grok: bug 23108 has not been reproducible for months, can it be closed ?",oss,2.0,FP,None,None,None
558,https://github.com/google/oss-fuzz/issues/1373,wuffs: broken build,oss,7.0,OSS-Fuzz: Build failures because different compilers need to be used,O2,Compatibility of environment or dependencies between project and OSS-Fuzz lead to project crash/build failures.,Compatibility
559,https://github.com/google/oss-fuzz/issues/6862,spdk: intermittent build failures,oss,4.0,build fails because different versions of the AFL-build was selected non-deterministically,F2,Incompability between fuzzing environment and project leads to build failures.,Compatibility
560,https://github.com/google/oss-fuzz/issues/7316,include link to source code for fuzzers in oss-fuzz repository in stack traces,oss,5.0,FP,None,None,None
561,https://github.com/google/oss-fuzz/issues/6666,ClusterFuzzLite Coverage runs don't log enough,oss,7.0,FP,None,None,None
562,https://github.com/google/oss-fuzz/issues/4880,Marking fixed bugs as flaky?,oss,8.0,FP,None,None,None
563,https://github.com/google/oss-fuzz/issues/5801,Extend deadline for handful of bugs.chromium issues,oss,6.0,FP,None,None,None
564,https://github.com/google/oss-fuzz/issues/5005,Improve documentation regarding integration with oss-fuzz,oss,7.0,Developer had difficulties using fuzzers alongside docker (due to poor documentation),F17,Documentation on how to use the fuzzer is missing/insufficient.,Usability
565,https://github.com/google/oss-fuzz/issues/2490,Usage of run_fuzzer saving corpus,oss,8.0,FP,None,None,None
566,https://github.com/google/oss-fuzz/issues/2450,AFL exceptions caused by core dump misconfiguration,oss,4.0,FP,None,None,None
567,https://github.com/google/oss-fuzz/issues/5158,Access to oss-fuzz not authorized,oss,3.0,FP,None,None,None
568,https://github.com/google/oss-fuzz/issues/7196,how to use linfuzzing parms,oss,6.0,Developer cannot pass arguments correctly to the fuzzer,F16,"Developers have difficulties in setting up, building or using fuzzer.",Usability
569,https://github.com/google/oss-fuzz/issues/6834,Finding out CPU where bug was reproduced,oss,2.0,FP,None,None,None
570,https://github.com/google/oss-fuzz/issues/2826,libc++ linkage errors,oss,4.0,build failure due to dependencies installed from a difference source (compatibility issue),F2,Incompability between fuzzing environment and project leads to build failures.,Compatibility
571,https://github.com/google/oss-fuzz/issues/3756,Update base-image to ubuntu 18.04 or newer,oss,2.0,Oss-fuzz side cannot update the compiler version due to projects that would crash as a results,O2,Compatibility of environment or dependencies between project and OSS-Fuzz lead to project crash/build failures.,Compatibility
572,https://github.com/google/oss-fuzz/issues/1303,Expected latency for bug fixes?,oss,5.0,clusterfuzz still reports fixed bug,O14,Bug status is not correct in the issue tracking system.,Reliability
573,https://github.com/google/oss-fuzz/issues/858,nss build failing,oss,3.0,Compiler update crashes the build but developer knows how to fix,O2,Compatibility of environment or dependencies between project and OSS-Fuzz lead to project crash/build failures.,Compatibility
574,https://github.com/google/oss-fuzz/issues/638,Code coverage report unclear,oss,4.0,Incorrect use of corpus makes fuzzer not use them during fuzzing (low coverage),F9,Incorrect use of corpus leads to fuzzing failures or low coverage.,Reliability
575,https://github.com/google/oss-fuzz/issues/638,Code coverage report unclear,oss,4.0,Developer has difficulty understanding corpus coverage report,O17,"Information in fuzzing reports can be missing, unclear, misleading or even wrong.",Usability
576,https://github.com/google/oss-fuzz/issues/3864,OSS-Fuzz doesn't seem to fuzz continuously,oss,3.0,bug on oss-fuzz side causes projects to not be continuously be fuzzed,O15,Bugs in OSS-Fuzz causes fuzzer misbehave or produce wrong results.,Reliability
577,https://github.com/google/oss-fuzz/issues/5013,"[CIFuzz] Affected fuzzers not working properly, many fuzzers running",oss,4.0,FP,None,None,None
578,https://github.com/google/oss-fuzz/issues/1300,Can't reproduce supposedly reproducible issue,oss,6.0,FP,None,None,None
579,https://github.com/google/oss-fuzz/issues/421,ensure all builds are optimized,oss,8.0,FP,None,None,None
580,https://github.com/google/oss-fuzz/issues/4326,Testcase details page has mis-rendered unicode,oss,3.0,FP,None,None,None
581,https://github.com/google/oss-fuzz/issues/3538,Build pipeline improvements,oss,4.0,FP,None,None,None
582,https://github.com/google/oss-fuzz/issues/4481,[astc-encoder] false positives,oss,1.0,Getting false positives due to the difficulty to generate desired inputs,F15,Developers have difficulties in generating the correct inputs or targeting specific parts of software.,Usability
583,https://github.com/google/oss-fuzz/issues/6378,Cannot assign issues for the spirv-tools project,oss,4.0,FP,None,None,None
584,https://github.com/google/oss-fuzz/issues/4684,Host these go coverage calc content in our repository,oss,1.0,FP,None,None,None
585,https://github.com/google/oss-fuzz/issues/3492,Coverage builds stopped building,oss,2.0,Changes in oss-fuzz stops project from building,O1,Updates of OSS-Fuzz lead to project crash/build failures.,Compatibility
586,https://github.com/google/oss-fuzz/issues/2775,Cryptofuzz/libsodium builds crashing,oss,4.0,FP,None,None,None
587,https://github.com/google/oss-fuzz/issues/2006,There doesn't seem to be a way to download all the corpora for a project and pass them to the fuzzers,oss,2.0,Oss-fuzz missing feature: Download all corpora and pass directly to fuzzer,O5,OSS-Fuzz misses desired functionalities/features.,Functionality
588,https://github.com/google/oss-fuzz/issues/1291,libidn build failure,oss,2.0,FP,None,None,None
589,https://github.com/google/oss-fuzz/issues/319,"when running just built fuzzer binaries inside docker, use the full path",oss,2.0,FP,None,None,None
590,https://github.com/google/oss-fuzz/issues/5175,[CIFuzz] Use sanitizer in aritfact name,oss,8.0,FP,None,None,None
591,https://github.com/google/oss-fuzz/issues/1735,NEW_FUNC not resolved in logs,oss,7.0,FP,None,None,None
592,https://github.com/google/oss-fuzz/issues/1530,Feature request: code coverage to provide a text summary produced by 'llvm-cov report',oss,3.0,FP,None,None,None
593,https://github.com/google/oss-fuzz/issues/6286,[powerdns] Missing-library in libcrypto.soNUMBER,oss,7.0,Oss-fuzz dev upgrading to ubuntu 20 breaks several builds,O1,Updates of OSS-Fuzz lead to project crash/build failures.,Compatibility
594,https://github.com/google/oss-fuzz/issues/6853,Chromium bug tracker old build failures still open,oss,7.0,FP,None,None,None
595,https://github.com/google/oss-fuzz/issues/1488,Can't log into issue,oss,7.0,Oss-fuzz challenge: Can't access to bug on bug tracker,O9,Developers do not have access to project status/fuzzer logs/bug reports on OSS-Fuzz.        ,Permission
596,https://github.com/google/oss-fuzz/issues/566,www.oss-fuzz.com:443 closes connection,oss,3.0,FP,None,None,None
597,https://github.com/google/oss-fuzz/issues/5423,[CIFuzz] Make sure we kill fuzzing process properly,oss,3.0,FP,None,None,None
598,https://github.com/google/oss-fuzz/issues/189,improve ots fuzzing,oss,8.0,FP,None,None,None
599,https://github.com/google/oss-fuzz/issues/862,fuzz more of boost on oss-fuzz,oss,1.0,FP,None,None,None
600,https://github.com/google/oss-fuzz/issues/628,Add mercurial vcs coverage?,oss,1.0,Oss-fuzz: Lack of support for other VCS,O5,OSS-Fuzz misses desired functionalities/features.,Functionality
601,https://github.com/google/oss-fuzz/issues/1353,wget: broken build (tests are failing),oss,6.0,FP,None,None,None
602,https://github.com/google/oss-fuzz/issues/3705,binutils:fuzz_readelf,oss,6.0,FP,None,None,None
603,https://github.com/google/oss-fuzz/issues/187,Add seed corpus for pcre2 from repo,oss,4.0,FP,None,None,None
604,https://github.com/google/oss-fuzz/issues/7425,Use Scorecard on OSS-Fuzz,oss,4.0,FP,None,None,None
605,https://github.com/google/oss-fuzz/issues/4262,CIFuzz seems to be failing,oss,4.0,Build cannot find fuzzer module during compile time,F2,Incompability between fuzzing environment and project leads to build failures.,Compatibility
606,https://github.com/google/oss-fuzz/issues/4743,BAD BUILD: ASan build of <libreoffice-fuzzer> seems to be compiled with MSan.,oss,2.0,Third party failure causes project build to crash,F10,Issues in build tools or external dependencies lead to crash/build faiures.,Reliability
607,https://github.com/google/oss-fuzz/issues/224,libreoffice fuzzers crash on startup,oss,4.0,Bad fuzzer configuration causes fuzzer to crash,F16,"Developers have difficulties in setting up, building or using fuzzer.",Usability
608,https://github.com/google/oss-fuzz/issues/1716,FFmpeg's configure script is not compatible with code coverage,oss,1.0,FP,None,None,None
609,https://github.com/google/oss-fuzz/issues/1819,libwebp: Can't read local file only on oss-fuzz servers,oss,8.0,oss-fuzz challenge: Dev can fuzz locally but doesn't work on oss-fuzz,O2,Compatibility of environment or dependencies between project and OSS-Fuzz lead to project crash/build failures.,Compatibility
610,https://github.com/google/oss-fuzz/issues/93,fuzz gstreamer,oss,5.0,FP,None,None,None
611,https://github.com/google/oss-fuzz/issues/2578,Integrate libssh2 project,oss,1.0,FP,None,None,None
612,https://github.com/google/oss-fuzz/issues/3399,Symbolization in dataflow driver is not consistent,oss,6.0,FP,None,None,None
613,https://github.com/google/oss-fuzz/issues/6413,Language docs should mention the specific base-builder-* image to use,oss,7.0,FP,None,None,None
614,https://github.com/google/oss-fuzz/issues/6553,Can't reproduce build failure,oss,1.0,FP,None,None,None
615,https://github.com/google/oss-fuzz/issues/1903,Better dashboard,oss,6.0,FP,None,None,None
616,https://github.com/google/oss-fuzz/issues/5562,I get an email leading me to a login page,oss,2.0,FP,None,None,None
617,https://github.com/google/oss-fuzz/issues/5441,libreoffice failing check_build in test_all with simultaneous checks,oss,5.0,Parallel run of multiple fuzzer cause crashes (1 at a time it passes),F3,The fuzzer misses desired functionalities/features.,Functionality
618,https://github.com/google/oss-fuzz/issues/7273,afl++ is not compatible with llvm 15,oss,4.0,fuzzer cannot be compiled with new llvm compiler version,F2,Incompability between fuzzing environment and project leads to build failures.,Compatibility
619,https://github.com/google/oss-fuzz/issues/850,coverage report isn't getting the right revisions for sources,oss,8.0,FP,None,None,None
620,https://github.com/google/oss-fuzz/issues/1899,OSS-FUZZ doesn't handle errors in generated code very well,oss,5.0,Bug in generated code makes it difficult to reproduce the issue,F18,Messages/information generated by fuzzers is missing/confusing/unhelpful.,Usability
621,https://github.com/google/oss-fuzz/issues/1406,Merging corpora questions,oss,1.0,"Corpora size causes slow download and slow merging when updating corpora
",F5,The fuzzer has scalability issues when facing large inputs/fuzzing targets/corpora.,Performance
622,https://github.com/google/oss-fuzz/issues/1406,Merging corpora questions,oss,1.0,Difficulty finding best configuration for project on oss-fuzz,F16,"Developers have difficulties in setting up, building or using fuzzer.",Usability
623,https://github.com/google/oss-fuzz/issues/7235,Go projects' coverage builds are failing,oss,6.0,FP,None,None,None
624,https://github.com/google/oss-fuzz/issues/821,Broken libteken build (MSan),oss,2.0,FP,None,None,None
625,https://github.com/google/oss-fuzz/issues/1333,"mercurial: bad build, partial instrumentation",oss,5.0,Oss-fuzz does not handle very small fuzz targets well,O7,OSS-fuzz does not handle small fuzz targets well.,Performance
626,https://github.com/google/oss-fuzz/issues/2951,Question: most fuzzable corpus formats?,oss,6.0,FP,None,None,None
627,https://github.com/google/oss-fuzz/issues/4795,test_all.py should return nonzero when there are no fuzz targets.,oss,7.0,FP,None,None,None
628,https://github.com/google/oss-fuzz/issues/6762,cflite: Remove stacktrace extraction,oss,2.0,FP,None,None,None
629,https://github.com/google/oss-fuzz/issues/6525,clusterfuzzlite: upload build happens before bad build check is done,oss,1.0,FP,None,None,None
630,https://github.com/google/oss-fuzz/issues/863,Possibly better handling of MSAN reports,oss,8.0,FP,None,None,None
631,https://github.com/google/oss-fuzz/issues/942,"""No space left on device"" on bots running ffmpeg fuzzers",oss,2.0,FP,None,None,None
632,https://github.com/google/oss-fuzz/issues/5914,How to deal with target that uses special CPU instructions?,oss,3.0,Project using special cpu instruction result in flaky fuzz results (crash for incompatible cpu and pass for compatible),F8,Bugs in fuzzer lead to build failures or abnormal/inconsistent fuzzing behaviors. ,Reliability
633,https://github.com/google/oss-fuzz/issues/592,Add way to run reproduce with valgrind in infra/helper.py,oss,8.0,FP,None,None,None
634,https://github.com/google/oss-fuzz/issues/7581,Build-status is fragile on connection failures,oss,7.0,OSS-Fuzz: build failures often happen due to connection failures,O11,Connection issues on OSS-Fuzz lead to project crash/build faulures.,Reliability
635,https://github.com/google/oss-fuzz/issues/6723,Fix CIFuzz dashboard,oss,2.0,FP,None,None,None
636,https://github.com/google/oss-fuzz/issues/4444,How to get access to results for my own lib?,oss,5.0,Oss-fuzz challenge: Developer does not have permission to see fuzzer logs,O9,Developers do not have access to project status/fuzzer logs/bug reports on OSS-Fuzz.        ,Permission
637,https://github.com/google/oss-fuzz/issues/2100,How do you check significant user base to accept project?,oss,6.0,FP,None,None,None
638,https://github.com/google/oss-fuzz/issues/2085,ClusterFuzz can't find seed corpus,oss,6.0,Oss-fuzz challenge: Oss-fuzz expects specific filenames and directory tree,O2,Compatibility of environment or dependencies between project and OSS-Fuzz lead to project crash/build failures.,Compatibility
639,https://github.com/google/oss-fuzz/issues/1581,Decide how to handle cross pollinations intelligently.,oss,7.0,Developers cannot cross-pollinate (share/merge corpora) between different fuzz targets,F13,Developers are not able to save or re-use corpus.,Reproducibility
640,https://github.com/google/oss-fuzz/issues/724,Dependency of open62541 eligible for oss-fuzz?,oss,2.0,FP,None,None,None
641,https://github.com/google/oss-fuzz/issues/1180,strongswan coverage not reported,oss,7.0,FP,None,None,None
642,https://github.com/google/oss-fuzz/issues/1979,GraphicsMagick  convert +dither does not work as expected,oss,6.0,FP,None,None,None
643,https://github.com/google/oss-fuzz/issues/6302,Upgrading OSS-Fuzz to Ubuntu 20.04,oss,7.0,OSS-Fuzz: Updating Ubuntu for OSS-fuzz will cause some breakages,O2,Compatibility of environment or dependencies between project and OSS-Fuzz lead to project crash/build failures.,Compatibility
644,https://github.com/google/oss-fuzz/issues/2191,Protocol for adding a new proto fuzzer,oss,2.0,FP,None,None,None
645,https://github.com/google/oss-fuzz/issues/2147,More flexible public release of issues and ACLs on ClusterFuzz results,oss,4.0,FP,None,None,None
646,https://github.com/google/oss-fuzz/issues/369,encourage users to mention oss-fuzz bug in their commit messages,oss,4.0,FP,None,None,None
647,https://github.com/google/oss-fuzz/issues/895,"old ""flaky"" oom no longer seen for a week, but issue open",oss,6.0,FP,None,None,None
648,https://github.com/google/oss-fuzz/issues/5526,"14 (out of 18) lxc bugs are ""unreproducible""",oss,3.0,Oss-fuzz: Reproducible bug reported as flaky,O14,Bug status is not correct in the issue tracking system.,Reliability
649,https://github.com/google/oss-fuzz/issues/4776,[presubmit] Not diffing properly,oss,6.0,FP,None,None,None
650,https://github.com/google/oss-fuzz/issues/4394,Do bad build check in build_fuzzers unless opted-out,oss,3.0,FP,None,None,None
651,https://github.com/google/oss-fuzz/issues/2305,Fuzz osquery,oss,4.0,FP,None,None,None
652,https://github.com/google/oss-fuzz/issues/1337,envoy: broken build,oss,5.0,FP,None,None,None
653,https://github.com/google/oss-fuzz/issues/3582,bisector doesn't work for gdal,oss,8.0,FP,None,None,None
654,https://github.com/google/oss-fuzz/issues/761,use StandaloneFuzzTargetMain for the coverage-only build,oss,2.0,FP,None,None,None
655,https://github.com/google/oss-fuzz/issues/465,report assert failures as such,oss,3.0,FP,None,None,None
656,https://github.com/google/oss-fuzz/issues/1184,envoy build failing,oss,4.0,Compatibility issue with stdlib and clang when using both C and C++ dependencies,F2,Incompability between fuzzing environment and project leads to build failures.,Compatibility
657,https://github.com/google/oss-fuzz/issues/5828,Check if seed corpora match fuzzer binaries in PR submission checks,oss,1.0,Fuzzer Configuration: Incorrect seed selection,F16,"Developers have difficulties in setting up, building or using fuzzer.",Usability
658,https://github.com/google/oss-fuzz/issues/6489,Floating point divide-by-zero false positive,oss,8.0,Developer has difficulties customizing the fuzzer (getting the right args for his project),F16,"Developers have difficulties in setting up, building or using fuzzer.",Usability
659,https://github.com/google/oss-fuzz/issues/5234,"Go coverage build - ""OLDPWD not set""",oss,3.0,FP,None,None,None
660,https://github.com/google/oss-fuzz/issues/775,"When reporting new issues, also check other sanitizers.",oss,4.0,FP,None,None,None
661,https://github.com/google/oss-fuzz/issues/6694,Undocumented fields in project.yaml,oss,7.0,OSS-Fuzz: Undocumented fields in project.yaml,O3,Documentation about how to use/integrate OSS-Fuzz is missing/unclear.,Documentation
662,https://github.com/google/oss-fuzz/issues/1250,Include SHA-1 of repository in log files,oss,8.0,FP,None,None,None
663,https://github.com/google/oss-fuzz/issues/6885,CIFuzz does not upload crashes,oss,5.0,CIFuzz logs showing wrong information,O17,"Information in fuzzing reports can be missing, unclear, misleading or even wrong.",Usability
664,https://github.com/google/oss-fuzz/issues/6726,"Spurious ""ClusterFuzz-Verified"" for reproducible issue",oss,7.0,Flaky fuzz test,F14,Developers are struggling to reproduce build failures or bugs detected by fuzzing.,Reproducibility
665,https://github.com/google/oss-fuzz/issues/4937,[QEMU] Corpus backups not being generated. Coverage reports incomplete,oss,1.0,FP,None,None,None
666,https://github.com/google/oss-fuzz/issues/876,Coverage figures not using seed corpus?,oss,8.0,Fuzzer not using seed corpus when fuzzing results in decreased coverage,F16,"Developers have difficulties in setting up, building or using fuzzer.",Usability
667,https://github.com/google/oss-fuzz/issues/4172,honggfuzz and afl engines give an error '-fsanitize-coverage=trace-pc-guard is no longer supported by libFuzzer',oss,7.0,developer does not know how to properly pass the arguments,F16,"Developers have difficulties in setting up, building or using fuzzer.",Usability
668,https://github.com/google/oss-fuzz/issues/3468,Don't know how to fix wasmtime's coverage build,oss,2.0,Lack of support for rust / coverage build only available to c++ projects,F2,Incompability between fuzzing environment and project leads to build failures.,Compatibility
669,https://github.com/google/oss-fuzz/issues/2249,Please add maintainers to the bugtracker,oss,5.0,FP,None,None,None
670,https://github.com/google/oss-fuzz/issues/6440,Initialization code seemingly reported as leaky,oss,5.0,Developer cannot reproduce leak detected by oss-fuzz fuzzers,F14,Developers are struggling to reproduce build failures or bugs detected by fuzzing.,Reproducibility
671,https://github.com/google/oss-fuzz/issues/6768,CFL: Coverage Report job not recognizing fuzz targets with go fuzzer,oss,8.0,Oss-fuzz coverage report job don't recognize GO fuzz targets,O17,"Information in fuzzing reports can be missing, unclear, misleading or even wrong.",Usability
672,https://github.com/google/oss-fuzz/issues/4792,infra/helper.py broken in Python 2,oss,5.0,"Oss-fuzz changes are not compatible with CI (CI only python 2 compatible, not python3)",O2,Compatibility of environment or dependencies between project and OSS-Fuzz lead to project crash/build failures.,Compatibility
673,https://github.com/google/oss-fuzz/issues/7670,Cloud Scheduler inconsistancy,oss,5.0,FP,None,None,None
674,https://github.com/google/oss-fuzz/issues/2876,Fix TODO in libpng_transforms_fuzzer.cc,oss,3.0,FP,None,None,None
675,https://github.com/google/oss-fuzz/issues/1146,ffmpeg build failing,oss,7.0,FP,None,None,None
676,https://github.com/google/oss-fuzz/issues/7193,Latest Jazzer (with Bazel 5) doesn't work with existing OSS-Fuzz integration,oss,7.0,FP,None,None,None
677,https://github.com/google/oss-fuzz/issues/2846,Debug or release build?,oss,3.0,Developer does not know which build/release to fuzz,F22,Developers have difficulties in deciding which part of the software to fuzz,Other
678,https://github.com/google/oss-fuzz/issues/3402,Coverage reports not appearing since a few days,oss,7.0,Oss-fuzz challenge: Coverage reports not appearing after oss-fuzz changes,O17,"Information in fuzzing reports can be missing, unclear, misleading or even wrong.",Usability
679,https://github.com/google/oss-fuzz/issues/6005,About llvm-patch (libFuzzer),oss,4.0,Fuzzer does not work well on forks,F3,The fuzzer misses desired functionalities/features.,Functionality
680,https://github.com/google/oss-fuzz/issues/1618,Enable required reviews for pull requests,oss,5.0,FP,None,None,None
681,https://github.com/google/oss-fuzz/issues/6557,Uploading artifacts fails with Access to the path is denied,oss,4.0,lack of access to temp file created by python crashes fuzzer,F2,Incompability between fuzzing environment and project leads to build failures.,Compatibility
682,https://github.com/google/oss-fuzz/issues/3082,Sync problem with libfido2-corpus and libfido2-backup? (re: Issue 19184: libfido2: Coverage build failure),oss,5.0,Bug in the fuzz target preventing corpus pruning (the bug is on oss-fuzz side according to dev),O13,OSS-Fuzz bugs lead to build/fuzzing process failures.,Reliability
683,https://github.com/google/oss-fuzz/issues/205,CF should display the VCS revision of the fuzzer it is running,oss,2.0,FP,None,None,None
684,https://github.com/google/oss-fuzz/issues/1308,qcms,oss,2.0,FP,None,None,None
685,https://github.com/google/oss-fuzz/issues/2865,compile' failed on i386 build image (--architecture i386 --sanitizer address),oss,8.0,FP,None,None,None
686,https://github.com/google/oss-fuzz/issues/2635,Memory corruption in the fuzzer? (bug 16099 on project mpg123),oss,5.0,Flaky crash happened while fuzzing (dev is confused),F14,Developers are struggling to reproduce build failures or bugs detected by fuzzing.,Reproducibility
687,https://github.com/google/oss-fuzz/issues/1241,Project assosciations on uploaded test cases are unexpected (wrong?),oss,7.0,OSS-Fuzz: project tag of bug reports is wrongly shown,O14,Bug status is not correct in the issue tracking system.,Reliability
688,https://github.com/google/oss-fuzz/issues/7435,Suspicious honggfuzz_asan_harfbuzz issue,oss,4.0,Flaky behavior causes difficulty reproducing the bug,F14,Developers are struggling to reproduce build failures or bugs detected by fuzzing.,Reproducibility
689,https://github.com/google/oss-fuzz/issues/7540,fuzz-introspector needs ldflags but projects do not always use,oss,3.0,Undocumented oss-fuzz argument causes project builds to fail (due to missing arg),O3,Documentation about how to use/integrate OSS-Fuzz is missing/unclear.,Documentation
690,https://github.com/google/oss-fuzz/issues/191,Collect coverage information with a separate coverage build,oss,1.0,FP,None,None,None
691,https://github.com/google/oss-fuzz/issues/5774,"False positive case of ""verified as fixed""",oss,2.0,OSS-fuzz: Incorrectly mark bug as fixed,O14,Bug status is not correct in the issue tracking system.,Reliability
692,https://github.com/google/oss-fuzz/issues/961,"spidermonkey always gives ""too much recursion"" when ASAN_OPTIONS=detect_stack_use_after_return=1",oss,8.0,FP,None,None,None
693,https://github.com/google/oss-fuzz/issues/2106,Support custom build configurations,oss,8.0,FP,None,None,None
694,https://github.com/google/oss-fuzz/issues/330,Performance analyzer should not count lines from crashes as 'logging' issue,oss,3.0,FP,None,None,None
695,https://github.com/google/oss-fuzz/issues/2974,Notifications for broken builds,oss,8.0,FP,None,None,None
696,https://github.com/google/oss-fuzz/issues/7380,How to make the JVM font-system available as part of fuzzing,oss,3.0,Fuzzer does not work on OSS-Fuzz server (can work on their local) because the server does not allow to install specific packages,O2,Compatibility of environment or dependencies between project and OSS-Fuzz lead to project crash/build failures.,Compatibility
697,https://github.com/google/oss-fuzz/issues/6196,cifuzz: Handle inconsistency in language handling between CIFuzz and OSS-Fuzz,oss,8.0,FP,None,None,None
698,https://github.com/google/oss-fuzz/issues/326,Please provide access to libreoffice test cases,oss,1.0,FP,None,None,None
699,https://github.com/google/oss-fuzz/issues/5559,Problem to run docker container for json-sanitizer example,oss,4.0,OS compatibility issue in external tool causes build to crash,F10,Issues in build tools or external dependencies lead to crash/build faiures.,Reliability
700,https://github.com/google/oss-fuzz/issues/2582,How to make issues reported by OSS-Fuzz public,oss,5.0,FP,None,None,None
701,https://github.com/google/oss-fuzz/issues/6070,cifuzz: Replace custom artifacts uploading code,oss,2.0,FP,None,None,None
702,https://github.com/google/oss-fuzz/issues/1852,infra/helper.py coverage broken?,oss,4.0,Fuzzing does not work because of usage changes on oss-fuzz side,O1,Updates of OSS-Fuzz lead to project crash/build failures.,Compatibility
703,https://github.com/google/oss-fuzz/issues/301,Don't upload unstable builds.,oss,6.0,FP,None,None,None
704,https://github.com/google/oss-fuzz/issues/232,Add additional undefined behaviors,oss,2.0,FP,None,None,None
705,https://github.com/google/oss-fuzz/issues/7023,Monorail to GitHub issue mirrorer,oss,7.0,FP,None,None,None
706,https://github.com/google/oss-fuzz/issues/6326,Use libClusterFuzz for various things in CIFuzz.,oss,6.0,FP,None,None,None
707,https://github.com/google/oss-fuzz/issues/5138,Issue incorrectly marked as fixed,oss,1.0,OSS-fuzz: Incorrectly mark bug as fixed,O14,Bug status is not correct in the issue tracking system.,Reliability
708,https://github.com/google/oss-fuzz/issues/1085,mupdf fails to build with ubsan (multiple errors),oss,6.0,third party library used during fuzzing not compatible with sanitizer,F2,Incompability between fuzzing environment and project leads to build failures.,Compatibility
709,https://github.com/google/oss-fuzz/issues/4492,[grok] How to pass a runtime parameter to fuzzer ?,oss,3.0,Developer does not know how to pass arg to fuzzer during runtime,F16,"Developers have difficulties in setting up, building or using fuzzer.",Usability
710,https://github.com/google/oss-fuzz/issues/1252,Testcase with zero bytes,oss,1.0,Fuzzer Flakiness / Unexpected behavior,F14,Developers are struggling to reproduce build failures or bugs detected by fuzzing.,Reproducibility
711,https://github.com/google/oss-fuzz/issues/1242,knot-dns build is broken,oss,2.0,FP,None,None,None
712,https://github.com/google/oss-fuzz/issues/6226,Difference in coverage and normal fuzz builds?,oss,7.0,Developer cannot get coverage build to pass on oss-fuzz,O2,Compatibility of environment or dependencies between project and OSS-Fuzz lead to project crash/build failures.,Compatibility
713,https://github.com/google/oss-fuzz/issues/900,lcms build is broken,oss,2.0,FP,None,None,None
714,https://github.com/google/oss-fuzz/issues/6857,istio - fuzzers do not seem to run and 404 on stats page,oss,1.0,Oss-fuzz: Developers cannot access project status on oss server,O9,Developers do not have access to project status/fuzzer logs/bug reports on OSS-Fuzz.        ,Permission
715,https://github.com/google/oss-fuzz/issues/973,fixed crash not updated as such in bugs.chromium.org,oss,4.0,"Inconsistent bug status between oss-fuzz, issue tracker and project",O14,Bug status is not correct in the issue tracking system.,Reliability
716,https://github.com/google/oss-fuzz/issues/1420,"MSAN says Sanitizer CHECK failure in ""((0)) != (0)"" (0x0, 0x0), but is likely just an OOM",oss,2.0,Fuzzer sanitizer reports wrong type of failure,F8,Bugs in fuzzer lead to build failures or abnormal/inconsistent fuzzing behaviors. ,Reliability
717,https://github.com/google/oss-fuzz/issues/243,Access denied to clusterfuzz page using linked account,oss,4.0,Oss-fuzz: Developers cannot access project status on oss server,O9,Developers do not have access to project status/fuzzer logs/bug reports on OSS-Fuzz.        ,Permission
718,https://github.com/google/oss-fuzz/issues/5713,oss-fuzz doesn't find known issues,oss,1.0,Fuzzers cannot detect known bug,F8,Bugs in fuzzer lead to build failures or abnormal/inconsistent fuzzing behaviors. ,Reliability
719,https://github.com/google/oss-fuzz/issues/1251,Permission issue to access a ticket,oss,6.0,Oss-fuzz challenge: Dev could not access bug report of his project,O9,Developers do not have access to project status/fuzzer logs/bug reports on OSS-Fuzz.        ,Permission
720,https://github.com/google/oss-fuzz/issues/2991,Support for fuzzing more than one branch,oss,8.0,FP,None,None,None
721,https://github.com/google/oss-fuzz/issues/477,Provide documentation on how to create c++ projects,oss,8.0,Oss-fuzz lacks documentation on how to build c++ projects,O3,Documentation about how to use/integrate OSS-Fuzz is missing/unclear.,Documentation
722,https://github.com/google/oss-fuzz/issues/5316,go-ethereum: access denied errors (configuration + coverage reports),oss,3.0,Oss-fuzz: Developers cannot access project status on oss server,O9,Developers do not have access to project status/fuzzer logs/bug reports on OSS-Fuzz.        ,Permission
723,https://github.com/google/oss-fuzz/issues/2769,libfuzzer-gv support,oss,3.0,FP,None,None,None
724,https://github.com/google/oss-fuzz/issues/1809,Consider publishing all coverage reports in a single place,oss,5.0,FP,None,None,None
725,https://github.com/google/oss-fuzz/issues/2555,bad_build_check doesn't consider targets broken if they completely fail to run,oss,8.0,FP,None,None,None
726,https://github.com/google/oss-fuzz/issues/2937,CI integration guidelines,oss,4.0,Oss-fuzz has no guidelines/documentation for developers that want to integrate fuzzing into their CI,O3,Documentation about how to use/integrate OSS-Fuzz is missing/unclear.,Documentation
727,https://github.com/google/oss-fuzz/issues/708,libidn fuzz targets are broken,oss,6.0,FP,None,None,None
728,https://github.com/google/oss-fuzz/issues/6983,Builds not happening for some projects,oss,1.0,FP,None,None,None
729,https://github.com/google/oss-fuzz/issues/5450,[CI] libFuzzer builds done for engineless project,oss,8.0,FP,None,None,None
730,https://github.com/google/oss-fuzz/issues/6770,CFL: Come up with a better interface than run_fuzzers and build_fuzzers,oss,2.0,FP,None,None,None
731,https://github.com/google/oss-fuzz/issues/1542,Build failures on several projects (BAD BUILD: ... does not seem to be compiled with UBSan),oss,5.0,Oss-fuzz challenge: Fuzzer configuration change by oss-fuzz dev breaks project fuzzing,O1,Updates of OSS-Fuzz lead to project crash/build failures.,Compatibility
732,https://github.com/google/oss-fuzz/issues/7650,base images not being rebuild,oss,8.0,FP,None,None,None
733,https://github.com/google/oss-fuzz/issues/2375,Figure out how projects can link directly against Clang's libFuzzer,oss,6.0,FP,None,None,None
734,https://github.com/google/oss-fuzz/issues/2764,Update project examples in the New Project Guide,oss,7.0,FP,None,None,None
735,https://github.com/google/oss-fuzz/issues/2485,Need help fixing issue,oss,3.0,Text information does not help to fix bugs,O17,"Information in fuzzing reports can be missing, unclear, misleading or even wrong.",Usability
736,https://github.com/google/oss-fuzz/issues/693,Shared corpus sets?,oss,4.0,Fuzzers have poor ability to reuse good generations (mutations that break one of the fuzz target) on other fuzz targets,F13,Developers are not able to save or re-use corpus.,Reproducibility
737,https://github.com/google/oss-fuzz/issues/868,Performance reports links to log examples are not always correct,oss,5.0,FP,None,None,None
738,https://github.com/google/oss-fuzz/issues/2219,tpm2-tss project is broken,oss,3.0,Developer need to change fuzzer binaries file names to be compatible with oss-fuzz,O2,Compatibility of environment or dependencies between project and OSS-Fuzz lead to project crash/build failures.,Compatibility
739,https://github.com/google/oss-fuzz/issues/546,gRPC build failing.,oss,2.0,FP,None,None,None
740,https://github.com/google/oss-fuzz/issues/4553,Bugs that were granted grace period after being already disclosed never get disclosed afterwards,oss,3.0,FP,None,None,None
741,https://github.com/google/oss-fuzz/issues/4470,"How is this ""verified"" - i can still repro it",oss,8.0,Flaky fuzzing bug,F14,Developers are struggling to reproduce build failures or bugs detected by fuzzing.,Reproducibility
742,https://github.com/google/oss-fuzz/issues/5757,[openjdk] Pre-integration questions,oss,6.0,FP,None,None,None
743,https://github.com/google/oss-fuzz/issues/42,git clone should create shallow copies,oss,5.0,FP,None,None,None
744,https://github.com/google/oss-fuzz/issues/1788,Enhancement: integration with continuous integration,oss,1.0,FP,None,None,None
745,https://github.com/google/oss-fuzz/issues/4476,[grok] false positive,oss,4.0,Oss-fuzz bug still open even if bug fixed in project,O14,Bug status is not correct in the issue tracking system.,Reliability
746,https://github.com/google/oss-fuzz/issues/7174,"""RuntimeError: Failed to build"" when using build_specified_commit.py",oss,1.0,Oss-fuzz: Infrastructure design limit ability to checkout to specific commit (branch/pr) for fuzzing,O5,OSS-Fuzz misses desired functionalities/features.,Functionality
747,https://github.com/google/oss-fuzz/issues/6584,clusterfuzzlite: support private repos,oss,5.0,FP,None,None,None
748,https://github.com/google/oss-fuzz/issues/1302,500 in fuzer-stats,oss,1.0,Oss-fuzz: Developers cannot access project status on oss server,O9,Developers do not have access to project status/fuzzer logs/bug reports on OSS-Fuzz.        ,Permission
749,https://github.com/google/oss-fuzz/issues/2681,Feature request: Option to select the corpus for a fuzzer,oss,5.0,FP,None,None,None
750,https://github.com/google/oss-fuzz/issues/1292,irssi build failure,oss,6.0,FP,None,None,None
751,https://github.com/google/oss-fuzz/issues/1478,use_value_profile,oss,6.0,FP,None,None,None
752,https://github.com/google/oss-fuzz/issues/7249,Deadline extension for Issue 40884,oss,7.0,FP,None,None,None
753,https://github.com/google/oss-fuzz/issues/182,fuzz graphviz,oss,6.0,FP,None,None,None
754,https://github.com/google/oss-fuzz/issues/133,Document ClusterFuzz items in Glossary and FAQ,oss,2.0,FP,None,None,None
755,https://github.com/google/oss-fuzz/issues/5275,"Speed up afl++ with precompiled AFL in base-builder, enable tests",oss,7.0,FP,None,None,None
756,https://github.com/google/oss-fuzz/issues/1361,Linkify source for sourceforge,oss,8.0,FP,None,None,None
757,https://github.com/google/oss-fuzz/issues/7417,Replace sed usage with docker tagging,oss,3.0,FP,None,None,None
758,https://github.com/google/oss-fuzz/issues/415,ffmpeg doesn't build with AFL,oss,2.0,Wrong compiler version with fuzzer causes build failure ,F2,Incompability between fuzzing environment and project leads to build failures.,Compatibility
759,https://github.com/google/oss-fuzz/issues/2760,Better poppler fuzzing,oss,6.0,FP,None,None,None
760,https://github.com/google/oss-fuzz/issues/2927,Incorrect hyperlink markdown in CONTRIBUTING.md,oss,4.0,FP,None,None,None
761,https://github.com/google/oss-fuzz/issues/283,New dictionary merge code can pass an empty dictionary causing startup crash,oss,8.0,FP,None,None,None
762,https://github.com/google/oss-fuzz/issues/9,Leak detection doesn't work,oss,8.0,fuzzer generates false positive for leak detection,F8,Bugs in fuzzer lead to build failures or abnormal/inconsistent fuzzing behaviors. ,Reliability
763,https://github.com/google/oss-fuzz/issues/374,Issue building project with Bazel,oss,1.0,FP,None,None,None
764,https://github.com/google/oss-fuzz/issues/2094,How to run AFL?,oss,5.0,OSS-fuzz challenge: Dev doesn't know how to setup AFL to be compatible with oss-fuzz,O3,Documentation about how to use/integrate OSS-Fuzz is missing/unclear.,Documentation
765,https://github.com/google/oss-fuzz/issues/6871,AFL miscompile with AFL_LLVM_LAF_ALL=1 ?,oss,3.0,Bug in AFL compiler causes compile error ,F8,Bugs in fuzzer lead to build failures or abnormal/inconsistent fuzzing behaviors. ,Reliability
766,https://github.com/google/oss-fuzz/issues/4519,[grok] playing whack-a-mole with two address fuzzer issues,oss,3.0,False positive due to bug in the fuzzer,F8,Bugs in fuzzer lead to build failures or abnormal/inconsistent fuzzing behaviors. ,Reliability
767,https://github.com/google/oss-fuzz/issues/1209,Closure status on testcase-detail page.,oss,3.0,FP,None,None,None
768,https://github.com/google/oss-fuzz/issues/5038,Documentation fixes,oss,7.0,FP,None,None,None
769,https://github.com/google/oss-fuzz/issues/1057,libidn build is broken,oss,3.0,FP,None,None,None
770,https://github.com/google/oss-fuzz/issues/6884,Make AFL builds reliably reproducible,oss,4.0,Oss-fuzz AFL builds are difficult to reproduce for developers (difficult to reproduce exact same AFL settings),O18,Oss-fuzz configurations lead to confusing / unreported / hard-to-reproduce issues.,Usability
771,https://github.com/google/oss-fuzz/issues/2520,Integrate Thunderbird project,oss,4.0,FP,None,None,None
772,https://github.com/google/oss-fuzz/issues/3548,issue with apt-get install with base-image,oss,1.0,Issue in external tool (Docker) causes build to crash,F10,Issues in build tools or external dependencies lead to crash/build faiures.,Reliability
773,https://github.com/google/oss-fuzz/issues/6438,"CIFuzz seems to fail due to ""UnicodeDecodeError"" from time to time",oss,7.0,FP,None,None,None
774,https://github.com/google/oss-fuzz/issues/1161,libssh build failing,oss,6.0,FP,None,None,None
775,https://github.com/google/oss-fuzz/issues/1295,ClusterFuzz bot leaving same comment on Monorail over and over again,oss,5.0,FP,None,None,None
776,https://github.com/google/oss-fuzz/issues/6868,Python packages installed with apt-get can't be found by Python,oss,4.0,FP,None,None,None
777,https://github.com/google/oss-fuzz/issues/3731,[CIFuzz]: CIFuzz seems to be incompatible with forks,oss,1.0,FP,None,None,None
778,https://github.com/google/oss-fuzz/issues/320,Use libFuzzer's -use_value_profile=1 on a fraction of runs,oss,7.0,FP,None,None,None
779,https://github.com/google/oss-fuzz/issues/394,specifying keywords in project.yaml (for cross pollination),oss,3.0,FP,None,None,None
780,https://github.com/google/oss-fuzz/issues/153,openssl fuzzer doesn't build anymore,oss,5.0,File name change by OSS-fuzz breaks a build,O1,Updates of OSS-Fuzz lead to project crash/build failures.,Compatibility
781,https://github.com/google/oss-fuzz/issues/469,tor build failing,oss,5.0,FP,None,None,None
782,https://github.com/google/oss-fuzz/issues/2521,New fuzzing targets aren't properly added?,oss,1.0,FP,None,None,None
783,https://github.com/google/oss-fuzz/issues/7198,Coverage build is failing because corpus files are missing,oss,6.0,Oss-fuzz: build finish successfully on local but it does not on CI because corpus files are missing,O12,Key resources unavailable on OSS-Fuzz lead to project crash/build faulures.,Reliability
784,https://github.com/google/oss-fuzz/issues/1110,Systemd Build is Broken,oss,4.0,FP,None,None,None
785,https://github.com/google/oss-fuzz/issues/7513,Update GDB in base-runner-debug,oss,3.0,FP,None,None,None
786,https://github.com/google/oss-fuzz/issues/1205,dlplibs build failing,oss,3.0,Cannot build because of git repository unaccessible error,O11,Connection issues on OSS-Fuzz lead to project crash/build faulures.,Reliability
787,https://github.com/google/oss-fuzz/issues/6529,clusterfuzzlite: Deleting unaffected fuzzers should not happen when uploading a build,oss,4.0,FP,None,None,None
788,https://github.com/google/oss-fuzz/issues/7318,Add customize-able project labels (that apply to all fuzz targets),oss,7.0,FP,None,None,None
789,https://github.com/google/oss-fuzz/issues/4462,[grok] 3 fixed and 3 unreproducible bugs,oss,6.0,FP,None,None,None
790,https://github.com/google/oss-fuzz/issues/7284,Advice linking to libxml2 statically,oss,1.0,FP,None,None,None
791,https://github.com/google/oss-fuzz/issues/2120,False positive due to stack memory limit?,oss,6.0,Developer cannot reproduce bug found by oss-fuzz,F14,Developers are struggling to reproduce build failures or bugs detected by fuzzing.,Reproducibility
792,https://github.com/google/oss-fuzz/issues/3732,CIFuzz attempts to fetch a non-existent remote in some recent PRs,oss,6.0,CIFuzz jobs crash because they try to fetch a non-existent remote,F10,Issues in build tools or external dependencies lead to crash/build faiures.,Reliability
793,https://github.com/google/oss-fuzz/issues/3549,guidance on debugging failed build,oss,5.0,Developer struggle to debug failed build,O4,OSS-Fuzz does not provide clear guidance on how to reproduce the bug.,Documentation
794,https://github.com/google/oss-fuzz/issues/6554,Fuzz builds through GitHub Actions fail with the latest Docker images,oss,8.0,Compiler update crashes fuzz builds,F2,Incompability between fuzzing environment and project leads to build failures.,Compatibility
795,https://github.com/google/oss-fuzz/issues/273,Revision information in testcases is often not present and inconsistent,oss,7.0,Bug tracker naming convention makes it difficult to know which revision are impacted,O16,Disorganized/missing information on issue trackers makes it difficult to locate the problem.,Usability
796,https://github.com/google/oss-fuzz/issues/3174,OSS-Fuzz minimizing over and over again on some crashes,oss,6.0,Fuzzer crash when output is huge (output overflow),F5,The fuzzer has scalability issues when facing large inputs/fuzzing targets/corpora.,Performance
797,https://github.com/google/oss-fuzz/issues/2574,Link between test case and issue is gone.,oss,3.0,Link between test case and issue on oss-fuzz was deleted but the issue was not closed.,O14,Bug status is not correct in the issue tracking system.,Reliability
798,https://github.com/google/oss-fuzz/issues/1344,starting at step zero,oss,8.0,Developer cannot reproduce oss-fuzz bug and can't find clear documentation for steps to reproduce,O4,OSS-Fuzz does not provide clear guidance on how to reproduce the bug.,Documentation
799,https://github.com/google/oss-fuzz/issues/468,grpc build failing,oss,2.0,FP,None,None,None
800,https://github.com/google/oss-fuzz/issues/1752,Deactivate leak detection when building with build_fuzzers,oss,7.0,Leak detection interfering with fuzzer compilation,F16,"Developers have difficulties in setting up, building or using fuzzer.",Usability
801,https://github.com/google/oss-fuzz/issues/324,report indirect leaks,oss,3.0,FP,None,None,None
802,https://github.com/google/oss-fuzz/issues/6268,Support for LLVM 13 fuzzing,oss,4.0,Compiler update crashes coverage build,F2,Incompability between fuzzing environment and project leads to build failures.,Compatibility
803,https://github.com/google/oss-fuzz/issues/2585,gsutil failing to rsync during GraphicsMagick coverage builds,oss,1.0,FP,None,None,None
804,https://github.com/google/oss-fuzz/issues/4714,view_restrictions does not give access to detailed reports,oss,3.0,FP,None,None,None
805,https://github.com/google/oss-fuzz/issues/6181,CIFuzz check succeeds despite finding crash bugs,oss,8.0,Oss-fuzz: CiFuzz generated logs are misleading devs (devs unsure if there are crashes or not),O17,"Information in fuzzing reports can be missing, unclear, misleading or even wrong.",Usability
806,https://github.com/google/oss-fuzz/issues/1807,Fuzzer that needs to link against cpython to fuzz,oss,3.0,Developer tries to understand how to use python during fuzzing without having to install it at runtime,F16,"Developers have difficulties in setting up, building or using fuzzer.",Usability
807,https://github.com/google/oss-fuzz/issues/7146,CVEs based on OSS-Fuzz reports,oss,4.0,FP,None,None,None
808,https://github.com/google/oss-fuzz/issues/152,"file timeouts with title ""Timeout"", not ""Hang""",oss,7.0,FP,None,None,None
809,https://github.com/google/oss-fuzz/issues/2568,[Open vSwitch] Problem reproducing build failure reported by oss-fuzz,oss,1.0,Fuzz target takes too long and causes fuzzer to timeout,F6,Bad fuzzing targets lead to fuzzing failure or inconsistent results.,Reliability
810,https://github.com/google/oss-fuzz/issues/4495,Weird CI failures / potential differences with GCB builder,oss,7.0,CI build fails on OSS-Fuzz but works locally,O2,Compatibility of environment or dependencies between project and OSS-Fuzz lead to project crash/build failures.,Compatibility
811,https://github.com/google/oss-fuzz/issues/1517,"Support code coverage report generation without a corpus using run_fuzzer->then running coverage command, also update docs",oss,6.0,FP,None,None,None
812,https://github.com/google/oss-fuzz/issues/3449,[ghostscript] Mysterious corpus related build error.,oss,4.0,Corpus bug generate unclear build output (difficult to debug),F11,Issues in corpus lead to build failures or unreliable results.,Reliability
813,https://github.com/google/oss-fuzz/issues/7227,Build status running way too often.,oss,6.0,FP,None,None,None
814,https://github.com/google/oss-fuzz/issues/142,Rename ossfuzz/base-libfuzzer image,oss,2.0,FP,None,None,None
815,https://github.com/google/oss-fuzz/issues/4371,CI doing coverage builds on arbitrary projects,oss,3.0,FP,None,None,None
816,https://github.com/google/oss-fuzz/issues/4879,"[CIFuzz] MSAN test consistently failing with ""No space left on device""",oss,7.0,Corpora takes too much disk space,F5,The fuzzer has scalability issues when facing large inputs/fuzzing targets/corpora.,Performance
817,https://github.com/google/oss-fuzz/issues/3227,Sanitizer minimized should not remove UBSAN_OPTIONS=silence_unsigned_overflow=1,oss,2.0,Oss-fuzz configuration silences integer overflow which confuses developers trying to reproduce crashes,O18,Oss-fuzz configurations lead to confusing / unreported / hard-to-reproduce issues.,Usability
818,https://github.com/google/oss-fuzz/issues/760,Could you close fixed tickets ?,oss,4.0,Bug is fixed but does not get closed on oss-fuzz,O14,Bug status is not correct in the issue tracking system.,Reliability
819,https://github.com/google/oss-fuzz/issues/3815,[CIFuzz]: consider making reporting of bugs in a new target optional.,oss,8.0,FP,None,None,None
820,https://github.com/google/oss-fuzz/issues/4169,Rename and re-document LIB_FUZZING_ENGINE_DEPRECATED,oss,6.0,FP,None,None,None
821,https://github.com/google/oss-fuzz/issues/871,Some links in performance report are not working,oss,8.0,FP,None,None,None
822,https://github.com/google/oss-fuzz/issues/644,monorail: add fuzzer program name in summary + label column,oss,2.0,Output management: Too many fuzzer so need to find a good way to manage/display all the outputs (good dashboard),O16,Disorganized/missing information on issue trackers makes it difficult to locate the problem.,Usability
823,https://github.com/google/oss-fuzz/issues/856,brotli build is failing,oss,5.0,FP,None,None,None
824,https://github.com/google/oss-fuzz/issues/2151,[openh264] Perrmission to CC,oss,8.0,FP,None,None,None
825,https://github.com/google/oss-fuzz/issues/4931,Please fix OSSFuzz build failure with libjpeg-turbo,oss,1.0,(Lack of Knowledge) Very big learning curve for developer that just got involved with oss-fuzz and fuzzing,F16,"Developers have difficulties in setting up, building or using fuzzer.",Usability
826,https://github.com/google/oss-fuzz/issues/5940,Access to varnish project,oss,4.0,FP,None,None,None
827,https://github.com/google/oss-fuzz/issues/5923,Access Denied Issue,oss,3.0,Oss-fuzz: Developers cannot access project status on oss server,O9,Developers do not have access to project status/fuzzer logs/bug reports on OSS-Fuzz.        ,Permission
828,https://github.com/google/oss-fuzz/issues/3221,build_specified_commit_test.py fails,oss,6.0,The fuzzing tests were not deterministic and relied on inconsistent data (leading to different results each time),F6,Bad fuzzing targets lead to fuzzing failure or inconsistent results.,Reliability
829,https://github.com/google/oss-fuzz/issues/1192,open62541 build broken,oss,1.0,Environment setup problem: versioning issues,F2,Incompability between fuzzing environment and project leads to build failures.,Compatibility
830,https://github.com/google/oss-fuzz/issues/4270,base-clang image seems to be broken,oss,5.0,Bad Memory allocation causes build crash,F16,"Developers have difficulties in setting up, building or using fuzzer.",Usability
831,https://github.com/google/oss-fuzz/issues/2379,[Solidity] build failure cause unknown,oss,8.0,Developer is getting build failure on oss-fuzz but output is not clear as to why,O17,"Information in fuzzing reports can be missing, unclear, misleading or even wrong.",Usability
832,https://github.com/google/oss-fuzz/issues/815,Instrumentation of c-ares fuzzers,oss,3.0,fuzzer target is too small,F6,Bad fuzzing targets lead to fuzzing failure or inconsistent results.,Reliability
833,https://github.com/google/oss-fuzz/issues/3432,[CIFuzz] Should we ignore timeouts and OOMs?,oss,8.0,Oss-fuzz runs out of memory in infinite loop and times out without reporting crash,O15,Bugs in OSS-Fuzz causes fuzzer misbehave or produce wrong results.,Reliability
